#
# There is insufficient memory for the Java Runtime Environment to continue.
# Native memory allocation (mmap) failed to map 65536 bytes for Failed to commit metaspace.
# Possible reasons:
#   The system is out of physical RAM or swap space
#   The process is running with CompressedOops enabled, and the Java Heap may be blocking the growth of the native heap
# Possible solutions:
#   Reduce memory load on the system
#   Increase physical memory or swap space
#   Check if swap backing store is full
#   Decrease Java heap size (-Xmx/-Xms)
#   Decrease number of Java threads
#   Decrease Java thread stack sizes (-Xss)
#   Set larger code cache with -XX:ReservedCodeCacheSize=
#   JVM is running with Unscaled Compressed Oops mode in which the Java heap is
#     placed in the first 4GB address space. The Java Heap base address is the
#     maximum limit for the native heap growth. Please use -XX:HeapBaseMinAddress
#     to set the Java Heap base and to place the Java Heap above 4GB virtual address.
# This output file may be truncated or incomplete.
#
#  Out of Memory Error (virtualSpaceNode.cpp:110), pid=11332, tid=26780
#
# JRE version: OpenJDK Runtime Environment Temurin-17.0.4+8 (17.0.4+8) (build 17.0.4+8)
# Java VM: OpenJDK 64-Bit Server VM Temurin-17.0.4+8 (17.0.4+8, mixed mode, tiered, compressed oops, compressed class ptrs, g1 gc, windows-amd64)
# No core dump will be written. Minidumps are not enabled by default on client versions of Windows
#

---------------  S U M M A R Y ------------

Command Line: -Dfile.encoding=UTF-8 -XX:+ShowCodeDetailsInExceptionMessages Main

Host: AMD Ryzen 5 5500U with Radeon Graphics         , 12 cores, 7G,  Windows 10 , 64 bit Build 19041 (10.0.19041.2546)
Time: Wed Apr  5 20:12:04 2023 Taipei Standard Time elapsed time: 0.297550 seconds (0d 0h 0m 0s)

---------------  T H R E A D  ---------------

Current thread (0x000001d5a691ce70):  JavaThread "main" [_thread_in_vm, id=26780, stack(0x000000cd25900000,0x000000cd25a00000)]

Stack: [0x000000cd25900000,0x000000cd25a00000]
Native frames: (J=compiled Java code, j=interpreted, Vv=VM code, C=native code)
V  [jvm.dll+0x67733a]
V  [jvm.dll+0x8323c4]
V  [jvm.dll+0x833b6e]
V  [jvm.dll+0x8341d3]
V  [jvm.dll+0x2455e5]
V  [jvm.dll+0x82e36b]
V  [jvm.dll+0x61be16]
V  [jvm.dll+0x61be7a]
V  [jvm.dll+0x61e69a]
V  [jvm.dll+0x61c7b6]
V  [jvm.dll+0x626607]
V  [jvm.dll+0x1ea42b]
V  [jvm.dll+0x1ea965]
V  [jvm.dll+0x1eb39f]
V  [jvm.dll+0x1e0841]
V  [jvm.dll+0x53c8f0]
V  [jvm.dll+0x1f1037]
V  [jvm.dll+0x7ac5bb]
V  [jvm.dll+0x7ad962]
V  [jvm.dll+0x7ae0f9]
V  [jvm.dll+0x1eb654]
V  [jvm.dll+0x1e085a]
V  [jvm.dll+0x53c8f0]
V  [jvm.dll+0x1f1037]
V  [jvm.dll+0x7ac5bb]
V  [jvm.dll+0x7ad962]
V  [jvm.dll+0x7adc98]
V  [jvm.dll+0x23d9ee]
V  [jvm.dll+0x37f27e]
C  0x000001d5aa00b6ce

Java frames: (J=compiled Java code, j=interpreted, Vv=VM code)
j  javax.swing.UIManager.setLookAndFeel(Ljava/lang/String;)V+9 java.desktop@17.0.4
j  javax.swing.UIManager.initializeDefaultLAF(Ljava/util/Properties;)V+58 java.desktop@17.0.4
j  javax.swing.UIManager.initialize()V+9 java.desktop@17.0.4
j  javax.swing.UIManager.maybeInitialize()V+22 java.desktop@17.0.4
j  javax.swing.UIManager.getUI(Ljavax/swing/JComponent;)Ljavax/swing/plaf/ComponentUI;+0 java.desktop@17.0.4
j  javax.swing.JPanel.updateUI()V+2 java.desktop@17.0.4
j  javax.swing.JPanel.<init>(Ljava/awt/LayoutManager;Z)V+24 java.desktop@17.0.4
j  javax.swing.JPanel.<init>(Z)V+9 java.desktop@17.0.4
j  javax.swing.JPanel.<init>()V+2 java.desktop@17.0.4
j  javax.swing.JRootPane.createGlassPane()Ljava/awt/Component;+4 java.desktop@17.0.4
j  javax.swing.JRootPane.<init>()V+11 java.desktop@17.0.4
j  javax.swing.JFrame.createRootPane()Ljavax/swing/JRootPane;+4 java.desktop@17.0.4
j  javax.swing.JFrame.frameInit()V+16 java.desktop@17.0.4
j  javax.swing.JFrame.<init>()V+20 java.desktop@17.0.4
j  Main.<init>()V+1
j  Main.main([Ljava/lang/String;)V+3
v  ~StubRoutines::call_stub

---------------  P R O C E S S  ---------------

Threads class SMR info:
_java_thread_list=0x000001d5c168cbf0, length=15, elements={
0x000001d5a691ce70, 0x000001d5c1013020, 0x000001d5c07b73c0, 0x000001d5c1027020,
0x000001d5c10279d0, 0x000001d5c1028b20, 0x000001d5c1029e80, 0x000001d5c1030080,
0x000001d5c1030b20, 0x000001d5c1033cc0, 0x000001d5c1193b60, 0x000001d5c11aad90,
0x000001d5c16cc090, 0x000001d5c169c990, 0x000001d5c169ce60
}

Java Threads: ( => current thread )
=>0x000001d5a691ce70 JavaThread "main" [_thread_in_vm, id=26780, stack(0x000000cd25900000,0x000000cd25a00000)]
  0x000001d5c1013020 JavaThread "Reference Handler" daemon [_thread_blocked, id=18124, stack(0x000000cd26000000,0x000000cd26100000)]
  0x000001d5c07b73c0 JavaThread "Finalizer" daemon [_thread_blocked, id=28008, stack(0x000000cd26100000,0x000000cd26200000)]
  0x000001d5c1027020 JavaThread "Signal Dispatcher" daemon [_thread_blocked, id=25820, stack(0x000000cd26200000,0x000000cd26300000)]
  0x000001d5c10279d0 JavaThread "Attach Listener" daemon [_thread_blocked, id=6184, stack(0x000000cd26300000,0x000000cd26400000)]
  0x000001d5c1028b20 JavaThread "Service Thread" daemon [_thread_blocked, id=12640, stack(0x000000cd26400000,0x000000cd26500000)]
  0x000001d5c1029e80 JavaThread "Monitor Deflation Thread" daemon [_thread_blocked, id=20392, stack(0x000000cd26500000,0x000000cd26600000)]
  0x000001d5c1030080 JavaThread "C2 CompilerThread0" daemon [_thread_blocked, id=28416, stack(0x000000cd26600000,0x000000cd26700000)]
  0x000001d5c1030b20 JavaThread "C1 CompilerThread0" daemon [_thread_blocked, id=24132, stack(0x000000cd26700000,0x000000cd26800000)]
  0x000001d5c1033cc0 JavaThread "Sweeper thread" daemon [_thread_blocked, id=12152, stack(0x000000cd26800000,0x000000cd26900000)]
  0x000001d5c1193b60 JavaThread "Notification Thread" daemon [_thread_blocked, id=4976, stack(0x000000cd26900000,0x000000cd26a00000)]
  0x000001d5c11aad90 JavaThread "Common-Cleaner" daemon [_thread_blocked, id=812, stack(0x000000cd26b00000,0x000000cd26c00000)]
  0x000001d5c16cc090 JavaThread "Java2D Disposer" daemon [_thread_blocked, id=5972, stack(0x000000cd26c00000,0x000000cd26d00000)]
  0x000001d5c169c990 JavaThread "AWT-Shutdown" [_thread_blocked, id=6500, stack(0x000000cd26d00000,0x000000cd26e00000)]
  0x000001d5c169ce60 JavaThread "AWT-Windows" daemon [_thread_in_native, id=17092, stack(0x000000cd26e00000,0x000000cd26f00000)]

Other Threads:
  0x000001d5c07b2cf0 VMThread "VM Thread" [stack: 0x000000cd25f00000,0x000000cd26000000] [id=25336]
  0x000001d5a69a7870 WatcherThread [stack: 0x000000cd26a00000,0x000000cd26b00000] [id=27080]
  0x000001d5a69733b0 GCTaskThread "GC Thread#0" [stack: 0x000000cd25a00000,0x000000cd25b00000] [id=26536]
  0x000001d5a699ff60 ConcurrentGCThread "G1 Main Marker" [stack: 0x000000cd25b00000,0x000000cd25c00000] [id=13404]
  0x000001d5a69a1980 ConcurrentGCThread "G1 Conc#0" [stack: 0x000000cd25c00000,0x000000cd25d00000] [id=9648]
  0x000001d5a69feac0 ConcurrentGCThread "G1 Refine#0" [stack: 0x000000cd25d00000,0x000000cd25e00000] [id=15084]
  0x000001d5c0624610 ConcurrentGCThread "G1 Service" [stack: 0x000000cd25e00000,0x000000cd25f00000] [id=1072]

Threads with active compile tasks:

VM state: not at safepoint (normal execution)

VM Mutex/Monitor currently owned by a thread:  ([mutex/lock_event])
[0x000001d5a69169a0] Metaspace_lock - owner thread: 0x000001d5a691ce70

Heap address: 0x000000008a200000, size: 1886 MB, Compressed Oops mode: 32-bit

CDS archive(s) not mapped
Compressed class space mapped at: 0x0000000100000000-0x0000000140000000, reserved size: 1073741824
Narrow klass base: 0x0000000000000000, Narrow klass shift: 3, Narrow klass range: 0x140000000

GC Precious Log:
 CPUs: 12 total, 12 available
 Memory: 7541M
 Large Page Support: Disabled
 NUMA Support: Disabled
 Compressed Oops: Enabled (32-bit)
 Heap Region Size: 1M
 Heap Min Capacity: 8M
 Heap Initial Capacity: 118M
 Heap Max Capacity: 1886M
 Pre-touch: Disabled
 Parallel Workers: 10
 Concurrent Workers: 3
 Concurrent Refinement Workers: 10
 Periodic GC: Disabled

Heap:
 garbage-first heap   total 120832K, used 2048K [0x000000008a200000, 0x0000000100000000)
  region size 1024K, 3 young (3072K), 0 survivors (0K)
 Metaspace       used 9263K, committed 9408K, reserved 1064960K
  class space    used 834K, committed 896K, reserved 1048576K

Heap Regions: E=young(eden), S=young(survivor), O=old, HS=humongous(starts), HC=humongous(continues), CS=collection set, F=free, OA=open archive, CA=closed archive, TAMS=top-at-mark-start (previous, next)
|   0|0x000000008a200000, 0x000000008a200000, 0x000000008a300000|  0%| F|  |TAMS 0x000000008a200000, 0x000000008a200000| Untracked 
|   1|0x000000008a300000, 0x000000008a300000, 0x000000008a400000|  0%| F|  |TAMS 0x000000008a300000, 0x000000008a300000| Untracked 
|   2|0x000000008a400000, 0x000000008a400000, 0x000000008a500000|  0%| F|  |TAMS 0x000000008a400000, 0x000000008a400000| Untracked 
|   3|0x000000008a500000, 0x000000008a500000, 0x000000008a600000|  0%| F|  |TAMS 0x000000008a500000, 0x000000008a500000| Untracked 
|   4|0x000000008a600000, 0x000000008a600000, 0x000000008a700000|  0%| F|  |TAMS 0x000000008a600000, 0x000000008a600000| Untracked 
|   5|0x000000008a700000, 0x000000008a700000, 0x000000008a800000|  0%| F|  |TAMS 0x000000008a700000, 0x000000008a700000| Untracked 
|   6|0x000000008a800000, 0x000000008a800000, 0x000000008a900000|  0%| F|  |TAMS 0x000000008a800000, 0x000000008a800000| Untracked 
|   7|0x000000008a900000, 0x000000008a900000, 0x000000008aa00000|  0%| F|  |TAMS 0x000000008a900000, 0x000000008a900000| Untracked 
|   8|0x000000008aa00000, 0x000000008aa00000, 0x000000008ab00000|  0%| F|  |TAMS 0x000000008aa00000, 0x000000008aa00000| Untracked 
|   9|0x000000008ab00000, 0x000000008ab00000, 0x000000008ac00000|  0%| F|  |TAMS 0x000000008ab00000, 0x000000008ab00000| Untracked 
|  10|0x000000008ac00000, 0x000000008ac00000, 0x000000008ad00000|  0%| F|  |TAMS 0x000000008ac00000, 0x000000008ac00000| Untracked 
|  11|0x000000008ad00000, 0x000000008ad00000, 0x000000008ae00000|  0%| F|  |TAMS 0x000000008ad00000, 0x000000008ad00000| Untracked 
|  12|0x000000008ae00000, 0x000000008ae00000, 0x000000008af00000|  0%| F|  |TAMS 0x000000008ae00000, 0x000000008ae00000| Untracked 
|  13|0x000000008af00000, 0x000000008af00000, 0x000000008b000000|  0%| F|  |TAMS 0x000000008af00000, 0x000000008af00000| Untracked 
|  14|0x000000008b000000, 0x000000008b000000, 0x000000008b100000|  0%| F|  |TAMS 0x000000008b000000, 0x000000008b000000| Untracked 
|  15|0x000000008b100000, 0x000000008b100000, 0x000000008b200000|  0%| F|  |TAMS 0x000000008b100000, 0x000000008b100000| Untracked 
|  16|0x000000008b200000, 0x000000008b200000, 0x000000008b300000|  0%| F|  |TAMS 0x000000008b200000, 0x000000008b200000| Untracked 
|  17|0x000000008b300000, 0x000000008b300000, 0x000000008b400000|  0%| F|  |TAMS 0x000000008b300000, 0x000000008b300000| Untracked 
|  18|0x000000008b400000, 0x000000008b400000, 0x000000008b500000|  0%| F|  |TAMS 0x000000008b400000, 0x000000008b400000| Untracked 
|  19|0x000000008b500000, 0x000000008b500000, 0x000000008b600000|  0%| F|  |TAMS 0x000000008b500000, 0x000000008b500000| Untracked 
|  20|0x000000008b600000, 0x000000008b600000, 0x000000008b700000|  0%| F|  |TAMS 0x000000008b600000, 0x000000008b600000| Untracked 
|  21|0x000000008b700000, 0x000000008b700000, 0x000000008b800000|  0%| F|  |TAMS 0x000000008b700000, 0x000000008b700000| Untracked 
|  22|0x000000008b800000, 0x000000008b800000, 0x000000008b900000|  0%| F|  |TAMS 0x000000008b800000, 0x000000008b800000| Untracked 
|  23|0x000000008b900000, 0x000000008b900000, 0x000000008ba00000|  0%| F|  |TAMS 0x000000008b900000, 0x000000008b900000| Untracked 
|  24|0x000000008ba00000, 0x000000008ba00000, 0x000000008bb00000|  0%| F|  |TAMS 0x000000008ba00000, 0x000000008ba00000| Untracked 
|  25|0x000000008bb00000, 0x000000008bb00000, 0x000000008bc00000|  0%| F|  |TAMS 0x000000008bb00000, 0x000000008bb00000| Untracked 
|  26|0x000000008bc00000, 0x000000008bc00000, 0x000000008bd00000|  0%| F|  |TAMS 0x000000008bc00000, 0x000000008bc00000| Untracked 
|  27|0x000000008bd00000, 0x000000008bd00000, 0x000000008be00000|  0%| F|  |TAMS 0x000000008bd00000, 0x000000008bd00000| Untracked 
|  28|0x000000008be00000, 0x000000008be00000, 0x000000008bf00000|  0%| F|  |TAMS 0x000000008be00000, 0x000000008be00000| Untracked 
|  29|0x000000008bf00000, 0x000000008bf00000, 0x000000008c000000|  0%| F|  |TAMS 0x000000008bf00000, 0x000000008bf00000| Untracked 
|  30|0x000000008c000000, 0x000000008c000000, 0x000000008c100000|  0%| F|  |TAMS 0x000000008c000000, 0x000000008c000000| Untracked 
|  31|0x000000008c100000, 0x000000008c100000, 0x000000008c200000|  0%| F|  |TAMS 0x000000008c100000, 0x000000008c100000| Untracked 
|  32|0x000000008c200000, 0x000000008c200000, 0x000000008c300000|  0%| F|  |TAMS 0x000000008c200000, 0x000000008c200000| Untracked 
|  33|0x000000008c300000, 0x000000008c300000, 0x000000008c400000|  0%| F|  |TAMS 0x000000008c300000, 0x000000008c300000| Untracked 
|  34|0x000000008c400000, 0x000000008c400000, 0x000000008c500000|  0%| F|  |TAMS 0x000000008c400000, 0x000000008c400000| Untracked 
|  35|0x000000008c500000, 0x000000008c500000, 0x000000008c600000|  0%| F|  |TAMS 0x000000008c500000, 0x000000008c500000| Untracked 
|  36|0x000000008c600000, 0x000000008c600000, 0x000000008c700000|  0%| F|  |TAMS 0x000000008c600000, 0x000000008c600000| Untracked 
|  37|0x000000008c700000, 0x000000008c700000, 0x000000008c800000|  0%| F|  |TAMS 0x000000008c700000, 0x000000008c700000| Untracked 
|  38|0x000000008c800000, 0x000000008c800000, 0x000000008c900000|  0%| F|  |TAMS 0x000000008c800000, 0x000000008c800000| Untracked 
|  39|0x000000008c900000, 0x000000008c900000, 0x000000008ca00000|  0%| F|  |TAMS 0x000000008c900000, 0x000000008c900000| Untracked 
|  40|0x000000008ca00000, 0x000000008ca00000, 0x000000008cb00000|  0%| F|  |TAMS 0x000000008ca00000, 0x000000008ca00000| Untracked 
|  41|0x000000008cb00000, 0x000000008cb00000, 0x000000008cc00000|  0%| F|  |TAMS 0x000000008cb00000, 0x000000008cb00000| Untracked 
|  42|0x000000008cc00000, 0x000000008cc00000, 0x000000008cd00000|  0%| F|  |TAMS 0x000000008cc00000, 0x000000008cc00000| Untracked 
|  43|0x000000008cd00000, 0x000000008cd00000, 0x000000008ce00000|  0%| F|  |TAMS 0x000000008cd00000, 0x000000008cd00000| Untracked 
|  44|0x000000008ce00000, 0x000000008ce00000, 0x000000008cf00000|  0%| F|  |TAMS 0x000000008ce00000, 0x000000008ce00000| Untracked 
|  45|0x000000008cf00000, 0x000000008cf00000, 0x000000008d000000|  0%| F|  |TAMS 0x000000008cf00000, 0x000000008cf00000| Untracked 
|  46|0x000000008d000000, 0x000000008d000000, 0x000000008d100000|  0%| F|  |TAMS 0x000000008d000000, 0x000000008d000000| Untracked 
|  47|0x000000008d100000, 0x000000008d100000, 0x000000008d200000|  0%| F|  |TAMS 0x000000008d100000, 0x000000008d100000| Untracked 
|  48|0x000000008d200000, 0x000000008d200000, 0x000000008d300000|  0%| F|  |TAMS 0x000000008d200000, 0x000000008d200000| Untracked 
|  49|0x000000008d300000, 0x000000008d300000, 0x000000008d400000|  0%| F|  |TAMS 0x000000008d300000, 0x000000008d300000| Untracked 
|  50|0x000000008d400000, 0x000000008d400000, 0x000000008d500000|  0%| F|  |TAMS 0x000000008d400000, 0x000000008d400000| Untracked 
|  51|0x000000008d500000, 0x000000008d500000, 0x000000008d600000|  0%| F|  |TAMS 0x000000008d500000, 0x000000008d500000| Untracked 
|  52|0x000000008d600000, 0x000000008d600000, 0x000000008d700000|  0%| F|  |TAMS 0x000000008d600000, 0x000000008d600000| Untracked 
|  53|0x000000008d700000, 0x000000008d700000, 0x000000008d800000|  0%| F|  |TAMS 0x000000008d700000, 0x000000008d700000| Untracked 
|  54|0x000000008d800000, 0x000000008d800000, 0x000000008d900000|  0%| F|  |TAMS 0x000000008d800000, 0x000000008d800000| Untracked 
|  55|0x000000008d900000, 0x000000008d900000, 0x000000008da00000|  0%| F|  |TAMS 0x000000008d900000, 0x000000008d900000| Untracked 
|  56|0x000000008da00000, 0x000000008da00000, 0x000000008db00000|  0%| F|  |TAMS 0x000000008da00000, 0x000000008da00000| Untracked 
|  57|0x000000008db00000, 0x000000008db00000, 0x000000008dc00000|  0%| F|  |TAMS 0x000000008db00000, 0x000000008db00000| Untracked 
|  58|0x000000008dc00000, 0x000000008dc00000, 0x000000008dd00000|  0%| F|  |TAMS 0x000000008dc00000, 0x000000008dc00000| Untracked 
|  59|0x000000008dd00000, 0x000000008dd00000, 0x000000008de00000|  0%| F|  |TAMS 0x000000008dd00000, 0x000000008dd00000| Untracked 
|  60|0x000000008de00000, 0x000000008de00000, 0x000000008df00000|  0%| F|  |TAMS 0x000000008de00000, 0x000000008de00000| Untracked 
|  61|0x000000008df00000, 0x000000008df00000, 0x000000008e000000|  0%| F|  |TAMS 0x000000008df00000, 0x000000008df00000| Untracked 
|  62|0x000000008e000000, 0x000000008e000000, 0x000000008e100000|  0%| F|  |TAMS 0x000000008e000000, 0x000000008e000000| Untracked 
|  63|0x000000008e100000, 0x000000008e100000, 0x000000008e200000|  0%| F|  |TAMS 0x000000008e100000, 0x000000008e100000| Untracked 
|  64|0x000000008e200000, 0x000000008e200000, 0x000000008e300000|  0%| F|  |TAMS 0x000000008e200000, 0x000000008e200000| Untracked 
|  65|0x000000008e300000, 0x000000008e300000, 0x000000008e400000|  0%| F|  |TAMS 0x000000008e300000, 0x000000008e300000| Untracked 
|  66|0x000000008e400000, 0x000000008e400000, 0x000000008e500000|  0%| F|  |TAMS 0x000000008e400000, 0x000000008e400000| Untracked 
|  67|0x000000008e500000, 0x000000008e500000, 0x000000008e600000|  0%| F|  |TAMS 0x000000008e500000, 0x000000008e500000| Untracked 
|  68|0x000000008e600000, 0x000000008e600000, 0x000000008e700000|  0%| F|  |TAMS 0x000000008e600000, 0x000000008e600000| Untracked 
|  69|0x000000008e700000, 0x000000008e700000, 0x000000008e800000|  0%| F|  |TAMS 0x000000008e700000, 0x000000008e700000| Untracked 
|  70|0x000000008e800000, 0x000000008e800000, 0x000000008e900000|  0%| F|  |TAMS 0x000000008e800000, 0x000000008e800000| Untracked 
|  71|0x000000008e900000, 0x000000008e900000, 0x000000008ea00000|  0%| F|  |TAMS 0x000000008e900000, 0x000000008e900000| Untracked 
|  72|0x000000008ea00000, 0x000000008ea00000, 0x000000008eb00000|  0%| F|  |TAMS 0x000000008ea00000, 0x000000008ea00000| Untracked 
|  73|0x000000008eb00000, 0x000000008eb00000, 0x000000008ec00000|  0%| F|  |TAMS 0x000000008eb00000, 0x000000008eb00000| Untracked 
|  74|0x000000008ec00000, 0x000000008ec00000, 0x000000008ed00000|  0%| F|  |TAMS 0x000000008ec00000, 0x000000008ec00000| Untracked 
|  75|0x000000008ed00000, 0x000000008ed00000, 0x000000008ee00000|  0%| F|  |TAMS 0x000000008ed00000, 0x000000008ed00000| Untracked 
|  76|0x000000008ee00000, 0x000000008ee00000, 0x000000008ef00000|  0%| F|  |TAMS 0x000000008ee00000, 0x000000008ee00000| Untracked 
|  77|0x000000008ef00000, 0x000000008ef00000, 0x000000008f000000|  0%| F|  |TAMS 0x000000008ef00000, 0x000000008ef00000| Untracked 
|  78|0x000000008f000000, 0x000000008f000000, 0x000000008f100000|  0%| F|  |TAMS 0x000000008f000000, 0x000000008f000000| Untracked 
|  79|0x000000008f100000, 0x000000008f100000, 0x000000008f200000|  0%| F|  |TAMS 0x000000008f100000, 0x000000008f100000| Untracked 
|  80|0x000000008f200000, 0x000000008f200000, 0x000000008f300000|  0%| F|  |TAMS 0x000000008f200000, 0x000000008f200000| Untracked 
|  81|0x000000008f300000, 0x000000008f300000, 0x000000008f400000|  0%| F|  |TAMS 0x000000008f300000, 0x000000008f300000| Untracked 
|  82|0x000000008f400000, 0x000000008f400000, 0x000000008f500000|  0%| F|  |TAMS 0x000000008f400000, 0x000000008f400000| Untracked 
|  83|0x000000008f500000, 0x000000008f500000, 0x000000008f600000|  0%| F|  |TAMS 0x000000008f500000, 0x000000008f500000| Untracked 
|  84|0x000000008f600000, 0x000000008f600000, 0x000000008f700000|  0%| F|  |TAMS 0x000000008f600000, 0x000000008f600000| Untracked 
|  85|0x000000008f700000, 0x000000008f700000, 0x000000008f800000|  0%| F|  |TAMS 0x000000008f700000, 0x000000008f700000| Untracked 
|  86|0x000000008f800000, 0x000000008f800000, 0x000000008f900000|  0%| F|  |TAMS 0x000000008f800000, 0x000000008f800000| Untracked 
|  87|0x000000008f900000, 0x000000008f900000, 0x000000008fa00000|  0%| F|  |TAMS 0x000000008f900000, 0x000000008f900000| Untracked 
|  88|0x000000008fa00000, 0x000000008fa00000, 0x000000008fb00000|  0%| F|  |TAMS 0x000000008fa00000, 0x000000008fa00000| Untracked 
|  89|0x000000008fb00000, 0x000000008fb00000, 0x000000008fc00000|  0%| F|  |TAMS 0x000000008fb00000, 0x000000008fb00000| Untracked 
|  90|0x000000008fc00000, 0x000000008fc00000, 0x000000008fd00000|  0%| F|  |TAMS 0x000000008fc00000, 0x000000008fc00000| Untracked 
|  91|0x000000008fd00000, 0x000000008fd00000, 0x000000008fe00000|  0%| F|  |TAMS 0x000000008fd00000, 0x000000008fd00000| Untracked 
|  92|0x000000008fe00000, 0x000000008fe00000, 0x000000008ff00000|  0%| F|  |TAMS 0x000000008fe00000, 0x000000008fe00000| Untracked 
|  93|0x000000008ff00000, 0x000000008ff00000, 0x0000000090000000|  0%| F|  |TAMS 0x000000008ff00000, 0x000000008ff00000| Untracked 
|  94|0x0000000090000000, 0x0000000090000000, 0x0000000090100000|  0%| F|  |TAMS 0x0000000090000000, 0x0000000090000000| Untracked 
|  95|0x0000000090100000, 0x0000000090100000, 0x0000000090200000|  0%| F|  |TAMS 0x0000000090100000, 0x0000000090100000| Untracked 
|  96|0x0000000090200000, 0x0000000090200000, 0x0000000090300000|  0%| F|  |TAMS 0x0000000090200000, 0x0000000090200000| Untracked 
|  97|0x0000000090300000, 0x0000000090300000, 0x0000000090400000|  0%| F|  |TAMS 0x0000000090300000, 0x0000000090300000| Untracked 
|  98|0x0000000090400000, 0x0000000090400000, 0x0000000090500000|  0%| F|  |TAMS 0x0000000090400000, 0x0000000090400000| Untracked 
|  99|0x0000000090500000, 0x0000000090500000, 0x0000000090600000|  0%| F|  |TAMS 0x0000000090500000, 0x0000000090500000| Untracked 
| 100|0x0000000090600000, 0x0000000090600000, 0x0000000090700000|  0%| F|  |TAMS 0x0000000090600000, 0x0000000090600000| Untracked 
| 101|0x0000000090700000, 0x0000000090700000, 0x0000000090800000|  0%| F|  |TAMS 0x0000000090700000, 0x0000000090700000| Untracked 
| 102|0x0000000090800000, 0x0000000090800000, 0x0000000090900000|  0%| F|  |TAMS 0x0000000090800000, 0x0000000090800000| Untracked 
| 103|0x0000000090900000, 0x0000000090900000, 0x0000000090a00000|  0%| F|  |TAMS 0x0000000090900000, 0x0000000090900000| Untracked 
| 104|0x0000000090a00000, 0x0000000090a00000, 0x0000000090b00000|  0%| F|  |TAMS 0x0000000090a00000, 0x0000000090a00000| Untracked 
| 105|0x0000000090b00000, 0x0000000090b00000, 0x0000000090c00000|  0%| F|  |TAMS 0x0000000090b00000, 0x0000000090b00000| Untracked 
| 106|0x0000000090c00000, 0x0000000090c00000, 0x0000000090d00000|  0%| F|  |TAMS 0x0000000090c00000, 0x0000000090c00000| Untracked 
| 107|0x0000000090d00000, 0x0000000090d00000, 0x0000000090e00000|  0%| F|  |TAMS 0x0000000090d00000, 0x0000000090d00000| Untracked 
| 108|0x0000000090e00000, 0x0000000090e00000, 0x0000000090f00000|  0%| F|  |TAMS 0x0000000090e00000, 0x0000000090e00000| Untracked 
| 109|0x0000000090f00000, 0x0000000090f00000, 0x0000000091000000|  0%| F|  |TAMS 0x0000000090f00000, 0x0000000090f00000| Untracked 
| 110|0x0000000091000000, 0x0000000091000000, 0x0000000091100000|  0%| F|  |TAMS 0x0000000091000000, 0x0000000091000000| Untracked 
| 111|0x0000000091100000, 0x0000000091100000, 0x0000000091200000|  0%| F|  |TAMS 0x0000000091100000, 0x0000000091100000| Untracked 
| 112|0x0000000091200000, 0x0000000091200000, 0x0000000091300000|  0%| F|  |TAMS 0x0000000091200000, 0x0000000091200000| Untracked 
| 113|0x0000000091300000, 0x0000000091300000, 0x0000000091400000|  0%| F|  |TAMS 0x0000000091300000, 0x0000000091300000| Untracked 
| 114|0x0000000091400000, 0x0000000091400000, 0x0000000091500000|  0%| F|  |TAMS 0x0000000091400000, 0x0000000091400000| Untracked 
| 115|0x0000000091500000, 0x00000000915ec098, 0x0000000091600000| 92%| E|  |TAMS 0x0000000091500000, 0x0000000091500000| Complete 
| 116|0x0000000091600000, 0x0000000091700000, 0x0000000091700000|100%| E|CS|TAMS 0x0000000091600000, 0x0000000091600000| Complete 
| 117|0x0000000091700000, 0x0000000091800000, 0x0000000091800000|100%| E|CS|TAMS 0x0000000091700000, 0x0000000091700000| Complete 

Card table byte_map: [0x000001d5b9900000,0x000001d5b9cb0000] _byte_map_base: 0x000001d5b94af000

Marking Bits (Prev, Next): (CMBitMap*) 0x000001d5a69739c0, (CMBitMap*) 0x000001d5a6973a00
 Prev Bits: [0x000001d5ba060000, 0x000001d5bbdd8000)
 Next Bits: [0x000001d5bbde0000, 0x000001d5bdb58000)

Polling page: 0x000001d5a48c0000

Metaspace:

Usage:
  Non-class:      8.23 MB used.
      Class:    834.77 KB used.
       Both:      9.05 MB used.

Virtual space:
  Non-class space:       16.00 MB reserved,       8.31 MB ( 52%) committed,  2 nodes.
      Class space:        1.00 GB reserved,     896.00 KB ( <1%) committed,  1 nodes.
             Both:        1.02 GB reserved,       9.19 MB ( <1%) committed. 

Chunk freelists:
   Non-Class:  3.00 MB
       Class:  3.09 MB
        Both:  6.09 MB

MaxMetaspaceSize: unlimited
CompressedClassSpaceSize: 1.00 GB
Initial GC threshold: 21.00 MB
Current GC threshold: 21.00 MB
CDS: off
MetaspaceReclaimPolicy: balanced
 - commit_granule_bytes: 65536.
 - commit_granule_words: 8192.
 - virtual_space_node_default_size: 1048576.
 - enlarge_chunks_in_place: 1.
 - new_chunks_are_fully_committed: 0.
 - uncommit_free_chunks: 1.
 - use_allocation_guard: 0.
 - handle_deallocations: 1.


Internal statistics:

num_allocs_failed_limit: 0.
num_arena_births: 74.
num_arena_deaths: 0.
num_vsnodes_births: 3.
num_vsnodes_deaths: 0.
num_space_committed: 147.
num_space_uncommitted: 0.
num_chunks_returned_to_freelist: 0.
num_chunks_taken_from_freelist: 103.
num_chunk_merges: 0.
num_chunk_splits: 59.
num_chunks_enlarged: 35.
num_purges: 0.
num_inconsistent_stats: 0.

CodeHeap 'non-profiled nmethods': size=120000Kb used=97Kb max_used=97Kb free=119902Kb
 bounds [0x000001d5b1ac0000, 0x000001d5b1d30000, 0x000001d5b8ff0000]
CodeHeap 'profiled nmethods': size=120000Kb used=433Kb max_used=433Kb free=119566Kb
 bounds [0x000001d5aa590000, 0x000001d5aa800000, 0x000001d5b1ac0000]
CodeHeap 'non-nmethods': size=5760Kb used=1166Kb max_used=1171Kb free=4593Kb
 bounds [0x000001d5a9ff0000, 0x000001d5aa260000, 0x000001d5aa590000]
 total_blobs=780 nmethods=319 adapters=374
 compilation: enabled
              stopped_count=0, restarted_count=0
 full_count=0

Compilation events (20 events):
Event: 0.291 Thread 0x000001d5c1030b20  310       1       java.util.HashMap$Node::getKey (5 bytes)
Event: 0.291 Thread 0x000001d5c1030b20 nmethod 310 0x000001d5b1ad7c90 code [0x000001d5b1ad7e20, 0x000001d5b1ad7ef8]
Event: 0.291 Thread 0x000001d5c1030b20  311       1       java.util.HashMap$Node::getValue (5 bytes)
Event: 0.291 Thread 0x000001d5c1030b20 nmethod 311 0x000001d5b1ad7f90 code [0x000001d5b1ad8120, 0x000001d5b1ad81f8]
Event: 0.291 Thread 0x000001d5c1030b20  312       3       java.util.HashMap$HashIterator::hasNext (13 bytes)
Event: 0.292 Thread 0x000001d5c1030b20 nmethod 312 0x000001d5aa5f9d90 code [0x000001d5aa5f9f20, 0x000001d5aa5fa098]
Event: 0.292 Thread 0x000001d5c1030b20  313       3       java.util.HashMap$HashIterator::nextNode (100 bytes)
Event: 0.292 Thread 0x000001d5c1030b20 nmethod 313 0x000001d5aa5fa110 code [0x000001d5aa5fa300, 0x000001d5aa5fa838]
Event: 0.292 Thread 0x000001d5c1030b20  315       3       java.util.HashSet::add (20 bytes)
Event: 0.292 Thread 0x000001d5c1030b20 nmethod 315 0x000001d5aa5faa10 code [0x000001d5aa5fabc0, 0x000001d5aa5fad68]
Event: 0.292 Thread 0x000001d5c1030b20  314       3       java.util.AbstractSet::<init> (5 bytes)
Event: 0.292 Thread 0x000001d5c1030b20 nmethod 314 0x000001d5aa5fae10 code [0x000001d5aa5fafc0, 0x000001d5aa5fb178]
Event: 0.292 Thread 0x000001d5c1030b20  317       3       java.util.IdentityHashMap$IdentityHashMapIterator::hasNext (50 bytes)
Event: 0.292 Thread 0x000001d5c1030b20 nmethod 317 0x000001d5aa5fb290 code [0x000001d5aa5fb440, 0x000001d5aa5fb698]
Event: 0.292 Thread 0x000001d5c1030b20  316       1       java.util.concurrent.atomic.AtomicInteger::get (5 bytes)
Event: 0.292 Thread 0x000001d5c1030b20 nmethod 316 0x000001d5b1ad8290 code [0x000001d5b1ad8420, 0x000001d5b1ad84f8]
Event: 0.294 Thread 0x000001d5c1030b20  318       3       java.util.ImmutableCollections$List12::size (16 bytes)
Event: 0.295 Thread 0x000001d5c1030b20 nmethod 318 0x000001d5aa5fb790 code [0x000001d5aa5fb920, 0x000001d5aa5fbab8]
Event: 0.295 Thread 0x000001d5c1030b20  319       3       sun.awt.AppContext::getAppContext (51 bytes)
Event: 0.295 Thread 0x000001d5c1030b20 nmethod 319 0x000001d5aa5fbb90 code [0x000001d5aa5fbdc0, 0x000001d5aa5fc4e8]

GC Heap History (0 events):
No events

Deoptimization events (0 events):
No events

Classes unloaded (0 events):
No events

Classes redefined (0 events):
No events

Internal exceptions (5 events):
Event: 0.117 Thread 0x000001d5a691ce70 Exception <a 'java/lang/ClassNotFoundException'{0x00000000916449c8}: sun/awt/resources/spi/awtProvider> (0x00000000916449c8) 
thrown [s\src\hotspot\share\classfile\systemDictionary.cpp, line 256]
Event: 0.145 Thread 0x000001d5a691ce70 Exception <a 'java/io/FileNotFoundException'{0x000000009169f3e0}> (0x000000009169f3e0) 
thrown [s\src\hotspot\share\prims\jni.cpp, line 516]
Event: 0.152 Thread 0x000001d5a691ce70 Exception <a 'java/io/FileNotFoundException'{0x00000000916cc358}> (0x00000000916cc358) 
thrown [s\src\hotspot\share\prims\jni.cpp, line 516]
Event: 0.195 Thread 0x000001d5a691ce70 Exception <a 'java/lang/NoSuchMethodError'{0x000000009151dc20}: 'java.lang.Object java.lang.invoke.DirectMethodHandle$Holder.invokeStaticInit(java.lang.Object)'> (0x000000009151dc20) 
thrown [s\src\hotspot\share\interpreter\linkResolver.cpp, line 759]
Event: 0.294 Thread 0x000001d5a691ce70 Exception <a 'java/lang/NoSuchMethodError'{0x0000000091568af8}: 'void java.lang.invoke.DirectMethodHandle$Holder.invokeSpecial(java.lang.Object, java.lang.Object, java.lang.Object)'> (0x0000000091568af8) 
thrown [s\src\hotspot\share\interpreter\linkResolver.cpp, line 759]

VM Operations (0 events):
No events

Events (20 events):
Event: 0.293 loading class java/awt/font/FontRenderContext
Event: 0.293 loading class java/awt/font/FontRenderContext done
Event: 0.293 loading class sun/swing/StringUIClientPropertyKey
Event: 0.293 loading class javax/swing/UIClientPropertyKey
Event: 0.293 loading class javax/swing/UIClientPropertyKey done
Event: 0.293 loading class sun/swing/StringUIClientPropertyKey done
Event: 0.293 loading class sun/swing/SwingUtilities2$LSBCacheEntry
Event: 0.293 loading class sun/swing/SwingUtilities2$LSBCacheEntry done
Event: 0.293 loading class javax/swing/UIManager$LAFState
Event: 0.293 loading class javax/swing/UIManager$LAFState done
Event: 0.293 loading class javax/swing/UIDefaults
Event: 0.293 loading class javax/swing/UIDefaults done
Event: 0.293 loading class javax/swing/MultiUIDefaults
Event: 0.293 loading class javax/swing/MultiUIDefaults done
Event: 0.294 loading class sun/swing/SwingAccessor$UIDefaultsAccessor
Event: 0.294 loading class sun/swing/SwingAccessor$UIDefaultsAccessor done
Event: 0.294 loading class javax/swing/UIManager$1
Event: 0.294 loading class javax/swing/UIManager$1 done
Event: 0.295 loading class javax/swing/plaf/metal/MetalLookAndFeel
Event: 0.295 loading class javax/swing/plaf/basic/BasicLookAndFeel


Dynamic libraries:
0x00007ff6bfcb0000 - 0x00007ff6bfcbe000 	C:\Users\Admin\.p2\pool\plugins\org.eclipse.justj.openjdk.hotspot.jre.full.win32.x86_64_17.0.4.v20220805-1047\jre\bin\javaw.exe
0x00007ffa21230000 - 0x00007ffa21428000 	C:\Windows\SYSTEM32\ntdll.dll
0x00007ffa21130000 - 0x00007ffa211ef000 	C:\Windows\System32\KERNEL32.DLL
0x00007ffa1ebe0000 - 0x00007ffa1eeb2000 	C:\Windows\System32\KERNELBASE.dll
0x00007ffa1f060000 - 0x00007ffa1f160000 	C:\Windows\System32\ucrtbase.dll
0x00007ff9fef80000 - 0x00007ff9fef99000 	C:\Users\Admin\.p2\pool\plugins\org.eclipse.justj.openjdk.hotspot.jre.full.win32.x86_64_17.0.4.v20220805-1047\jre\bin\VCRUNTIME140.dll
0x00007ffa000a0000 - 0x00007ffa000b8000 	C:\Users\Admin\.p2\pool\plugins\org.eclipse.justj.openjdk.hotspot.jre.full.win32.x86_64_17.0.4.v20220805-1047\jre\bin\jli.dll
0x00007ffa20e50000 - 0x00007ffa20ff1000 	C:\Windows\System32\USER32.dll
0x00007ffa1eb80000 - 0x00007ffa1eba2000 	C:\Windows\System32\win32u.dll
0x00007ffa1de10000 - 0x00007ffa1e0aa000 	C:\Windows\WinSxS\amd64_microsoft.windows.common-controls_6595b64144ccf1df_6.0.19041.1110_none_60b5254171f9507e\COMCTL32.dll
0x00007ffa1f270000 - 0x00007ffa1f29b000 	C:\Windows\System32\GDI32.dll
0x00007ffa1fca0000 - 0x00007ffa1fd3e000 	C:\Windows\System32\msvcrt.dll
0x00007ffa1f160000 - 0x00007ffa1f26f000 	C:\Windows\System32\gdi32full.dll
0x00007ffa1ef50000 - 0x00007ffa1efed000 	C:\Windows\System32\msvcp_win.dll
0x00007ffa20860000 - 0x00007ffa20892000 	C:\Windows\System32\IMM32.DLL
0x00007ffa116d0000 - 0x00007ffa116dc000 	C:\Users\Admin\.p2\pool\plugins\org.eclipse.justj.openjdk.hotspot.jre.full.win32.x86_64_17.0.4.v20220805-1047\jre\bin\vcruntime140_1.dll
0x00007ff9f45d0000 - 0x00007ff9f4661000 	C:\Users\Admin\.p2\pool\plugins\org.eclipse.justj.openjdk.hotspot.jre.full.win32.x86_64_17.0.4.v20220805-1047\jre\bin\msvcp140.dll
0x00007ff99fca0000 - 0x00007ff9a08e6000 	C:\Users\Admin\.p2\pool\plugins\org.eclipse.justj.openjdk.hotspot.jre.full.win32.x86_64_17.0.4.v20220805-1047\jre\bin\server\jvm.dll
0x00007ffa1fe20000 - 0x00007ffa1fece000 	C:\Windows\System32\ADVAPI32.dll
0x00007ffa1fed0000 - 0x00007ffa1ff6c000 	C:\Windows\System32\sechost.dll
0x00007ffa21000000 - 0x00007ffa21125000 	C:\Windows\System32\RPCRT4.dll
0x00007ffa20990000 - 0x00007ffa20998000 	C:\Windows\System32\PSAPI.DLL
0x00007ffa197b0000 - 0x00007ffa197ba000 	C:\Windows\SYSTEM32\VERSION.dll
0x00007ffa0c470000 - 0x00007ffa0c497000 	C:\Windows\SYSTEM32\WINMM.dll
0x00007ffa117b0000 - 0x00007ffa117b9000 	C:\Windows\SYSTEM32\WSOCK32.dll
0x00007ffa208a0000 - 0x00007ffa2090b000 	C:\Windows\System32\WS2_32.dll
0x00007ffa1b9c0000 - 0x00007ffa1b9d2000 	C:\Windows\SYSTEM32\kernel.appcore.dll
0x00007ff9f0020000 - 0x00007ff9f002a000 	C:\Users\Admin\.p2\pool\plugins\org.eclipse.justj.openjdk.hotspot.jre.full.win32.x86_64_17.0.4.v20220805-1047\jre\bin\jimage.dll
0x00007ffa1e2d0000 - 0x00007ffa1e4b4000 	C:\Windows\SYSTEM32\DBGHELP.DLL
0x00007ffa1e290000 - 0x00007ffa1e2c5000 	C:\Windows\SYSTEM32\dbgcore.DLL
0x00007ffa1eec0000 - 0x00007ffa1ef42000 	C:\Windows\System32\bcryptPrimitives.dll
0x00007ff9a0d10000 - 0x00007ff9a0d35000 	C:\Users\Admin\.p2\pool\plugins\org.eclipse.justj.openjdk.hotspot.jre.full.win32.x86_64_17.0.4.v20220805-1047\jre\bin\java.dll
0x00007ff9d0310000 - 0x00007ff9d0328000 	C:\Users\Admin\.p2\pool\plugins\org.eclipse.justj.openjdk.hotspot.jre.full.win32.x86_64_17.0.4.v20220805-1047\jre\bin\zip.dll
0x00007ffa1ffe0000 - 0x00007ffa20725000 	C:\Windows\System32\SHELL32.dll
0x00007ffa1bbe0000 - 0x00007ffa1c372000 	C:\Windows\SYSTEM32\windows.storage.dll
0x00007ffa1f940000 - 0x00007ffa1fc95000 	C:\Windows\System32\combase.dll
0x00007ffa1dc80000 - 0x00007ffa1dcb0000 	C:\Windows\SYSTEM32\Wldp.dll
0x00007ffa1f2a0000 - 0x00007ffa1f34d000 	C:\Windows\System32\SHCORE.dll
0x00007ffa20df0000 - 0x00007ffa20e45000 	C:\Windows\System32\shlwapi.dll
0x00007ffa1e860000 - 0x00007ffa1e87f000 	C:\Windows\SYSTEM32\profapi.dll
0x00007ff9ee8e0000 - 0x00007ff9eea6e000 	C:\Users\Admin\.p2\pool\plugins\org.eclipse.justj.openjdk.hotspot.jre.full.win32.x86_64_17.0.4.v20220805-1047\jre\bin\awt.dll
0x00007ffa20790000 - 0x00007ffa2085d000 	C:\Windows\System32\OLEAUT32.dll
0x00007ffa1b3f0000 - 0x00007ffa1b480000 	C:\Windows\SYSTEM32\apphelp.dll
0x00007ffa1b6b0000 - 0x00007ffa1b6df000 	C:\Windows\system32\DWMAPI.DLL
0x00007ffa1b580000 - 0x00007ffa1b61e000 	C:\Windows\system32\uxtheme.dll
0x00007ff9ef8d0000 - 0x00007ff9ef9f5000 	C:\Windows\system32\opengl32.dll
0x00007ffa16700000 - 0x00007ffa1672c000 	C:\Windows\SYSTEM32\GLU32.dll
0x00007ffa1f820000 - 0x00007ffa1f935000 	C:\Windows\System32\MSCTF.dll
0x00007ffa20a40000 - 0x00007ffa20b6a000 	C:\Windows\System32\ole32.dll
0x00007ff9ec260000 - 0x00007ff9ec42e000 	C:\Windows\system32\d3d9.dll
0x00007ffa0a530000 - 0x00007ffa0a70b000 	C:\Windows\System32\DriverStore\FileRepository\u0365903.inf_amd64_b4e8048644ad8575\B364393\aticfx64.dll
0x00007ff9f5410000 - 0x00007ff9f5443000 	C:\Windows\System32\DriverStore\FileRepository\u0365903.inf_amd64_b4e8048644ad8575\B364393\atiu9p64.dll
0x00007ff9e24b0000 - 0x00007ff9e31bc000 	C:\Windows\System32\DriverStore\FileRepository\u0365903.inf_amd64_b4e8048644ad8575\B364393\atiumd64.dll
0x00007ffa07b20000 - 0x00007ffa07b4f000 	C:\Windows\SYSTEM32\amdihk64.dll
0x00007ffa070b0000 - 0x00007ffa070eb000 	C:\Windows\SYSTEM32\dxcore.dll
0x00007ffa1e920000 - 0x00007ffa1e96e000 	C:\Windows\System32\cfgmgr32.dll

dbghelp: loaded successfully - version: 4.0.5 - missing functions: none
symbol engine: initialized successfully - sym options: 0x614 - pdb path: .;C:\Users\Admin\.p2\pool\plugins\org.eclipse.justj.openjdk.hotspot.jre.full.win32.x86_64_17.0.4.v20220805-1047\jre\bin;C:\Windows\SYSTEM32;C:\Windows\WinSxS\amd64_microsoft.windows.common-controls_6595b64144ccf1df_6.0.19041.1110_none_60b5254171f9507e;C:\Users\Admin\.p2\pool\plugins\org.eclipse.justj.openjdk.hotspot.jre.full.win32.x86_64_17.0.4.v20220805-1047\jre\bin\server;C:\Windows\System32\DriverStore\FileRepository\u0365903.inf_amd64_b4e8048644ad8575\B364393

VM Arguments:
jvm_args: -Dfile.encoding=UTF-8 -XX:+ShowCodeDetailsInExceptionMessages 
java_command: Main
java_class_path (initial): C:\Users\Admin\Documents\School\2nd Sem\CCS103 - Computer Programming\SchoolWorkspace\Midterm - RegistrationForm Exam\bin
Launcher Type: SUN_STANDARD

[Global flags]
     intx CICompilerCount                          = 4                                         {product} {ergonomic}
     uint ConcGCThreads                            = 3                                         {product} {ergonomic}
     uint G1ConcRefinementThreads                  = 10                                        {product} {ergonomic}
   size_t G1HeapRegionSize                         = 1048576                                   {product} {ergonomic}
    uintx GCDrainStackTargetSize                   = 64                                        {product} {ergonomic}
   size_t InitialHeapSize                          = 123731968                                 {product} {ergonomic}
   size_t MarkStackSize                            = 4194304                                   {product} {ergonomic}
   size_t MaxHeapSize                              = 1977614336                                {product} {ergonomic}
   size_t MaxNewSize                               = 1185939456                                {product} {ergonomic}
   size_t MinHeapDeltaBytes                        = 1048576                                   {product} {ergonomic}
   size_t MinHeapSize                              = 8388608                                   {product} {ergonomic}
    uintx NonNMethodCodeHeapSize                   = 5839372                                {pd product} {ergonomic}
    uintx NonProfiledCodeHeapSize                  = 122909434                              {pd product} {ergonomic}
    uintx ProfiledCodeHeapSize                     = 122909434                              {pd product} {ergonomic}
    uintx ReservedCodeCacheSize                    = 251658240                              {pd product} {ergonomic}
     bool SegmentedCodeCache                       = true                                      {product} {ergonomic}
     bool ShowCodeDetailsInExceptionMessages       = true                                   {manageable} {command line}
   size_t SoftMaxHeapSize                          = 1977614336                             {manageable} {ergonomic}
     bool UseCompressedClassPointers               = true                           {product lp64_product} {ergonomic}
     bool UseCompressedOops                        = true                           {product lp64_product} {ergonomic}
     bool UseG1GC                                  = true                                      {product} {ergonomic}
     bool UseLargePagesIndividualAllocation        = false                                  {pd product} {ergonomic}

Logging:
Log output configuration:
 #0: stdout all=warning uptime,level,tags
 #1: stderr all=off uptime,level,tags

Environment Variables:
JAVA_HOME=C:\Program Files\Java\jdk-18.0.2
PATH=C:/Users/Admin/.p2/pool/plugins/org.eclipse.justj.openjdk.hotspot.jre.full.win32.x86_64_17.0.4.v20220805-1047/jre/bin/server;C:/Users/Admin/.p2/pool/plugins/org.eclipse.justj.openjdk.hotspot.jre.full.win32.x86_64_17.0.4.v20220805-1047/jre/bin;C:\Program Files\Eclipse Adoptium\jdk-17.0.4.101-hotspot\bin;C:\Program Files\Common Files\Oracle\Java\javapath;C:\Windows\system32;C:\Windows;C:\Windows\System32\Wbem;C:\Windows\System32\WindowsPowerShell\v1.0\;C:\Windows\System32\OpenSSH\;C:\Program Files\Git\cmd;C:\Program Files\MongoDB\Server\6.0\bin;C:\Program Files\Java\jdk-18.0.2\bin;C:\Program Files\dotnet\;C:\Users\Admin\AppData\Roaming\nvm;C:\Program Files\nodejs;C:\Program Files\nodejs\;C:\Program Files\MySQL\MySQL Shell 8.0\bin\;C:\Users\Admin\AppData\Local\Programs\Python\Python310\Scripts\;C:\Users\Admin\AppData\Local\Programs\Python\Python310\;C:\Users\Admin\AppData\Local\Microsoft\WindowsApps;C:\Users\Admin\AppData\Local\Programs\Microsoft VS Code\bin;C:\Program Files\heroku\bin;C:\Users\Admin\AppData\Roaming\nvm;C:\Program Files\nodejs;C:\Users\Admin\AppData\Roaming\npm;C:\Windows\System32;
USERNAME=Admin
OS=Windows_NT
PROCESSOR_IDENTIFIER=AMD64 Family 23 Model 104 Stepping 1, AuthenticAMD
TMP=C:\Users\Admin\AppData\Local\Temp
TEMP=C:\Users\Admin\AppData\Local\Temp



---------------  S Y S T E M  ---------------

OS:
 Windows 10 , 64 bit Build 19041 (10.0.19041.2546)
OS uptime: 14 days 1:54 hours

CPU: total 12 (initial active 12) (12 cores per cpu, 2 threads per core) family 23 model 104 stepping 1 microcode 0x0, cx8, cmov, fxsr, ht, mmx, 3dnowpref, sse, sse2, sse3, ssse3, sse4a, sse4.1, sse4.2, popcnt, lzcnt, tsc, tscinvbit, avx, avx2, aes, clmul, bmi1, bmi2, adx, sha, fma, vzeroupper, clflush, clflushopt

Memory: 4k page, system-wide physical 7541M (658M free)
TotalPageFile size 31093M (AvailPageFile size 5M)
current process WorkingSet (physical memory assigned to process): 51M, peak: 51M
current process commit charge ("private bytes"): 212M, peak: 218M

vm_info: OpenJDK 64-Bit Server VM (17.0.4+8) for windows-amd64 JRE (17.0.4+8), built on Jul 19 2022 16:05:16 by "temurin" with MS VC++ 16.7 (VS2019)

END.
