#
# There is insufficient memory for the Java Runtime Environment to continue.
# Native memory allocation (mmap) failed to map 123731968 bytes for G1 virtual space
# Possible reasons:
#   The system is out of physical RAM or swap space
#   The process is running with CompressedOops enabled, and the Java Heap may be blocking the growth of the native heap
# Possible solutions:
#   Reduce memory load on the system
#   Increase physical memory or swap space
#   Check if swap backing store is full
#   Decrease Java heap size (-Xmx/-Xms)
#   Decrease number of Java threads
#   Decrease Java thread stack sizes (-Xss)
#   Set larger code cache with -XX:ReservedCodeCacheSize=
#   JVM is running with Unscaled Compressed Oops mode in which the Java heap is
#     placed in the first 4GB address space. The Java Heap base address is the
#     maximum limit for the native heap growth. Please use -XX:HeapBaseMinAddress
#     to set the Java Heap base and to place the Java Heap above 4GB virtual address.
# This output file may be truncated or incomplete.
#
#  Out of Memory Error (os_windows.cpp:3541), pid=29964, tid=30400
#
# JRE version:  (17.0.4+8) (build )
# Java VM: OpenJDK 64-Bit Server VM (17.0.4+8, mixed mode, sharing, tiered, compressed oops, compressed class ptrs, g1 gc, windows-amd64)
# No core dump will be written. Minidumps are not enabled by default on client versions of Windows
#

---------------  S U M M A R Y ------------

Command Line: -Dfile.encoding=UTF-8 -XX:+ShowCodeDetailsInExceptionMessages Main

Host: AMD Ryzen 5 5500U with Radeon Graphics         , 12 cores, 7G,  Windows 10 , 64 bit Build 19041 (10.0.19041.2788)
Time: Wed May 10 15:42:43 2023 Taipei Standard Time elapsed time: 0.012947 seconds (0d 0h 0m 0s)

---------------  T H R E A D  ---------------

Current thread (0x000001fe489fbd90):  JavaThread "Unknown thread" [_thread_in_vm, id=30400, stack(0x0000000100600000,0x0000000100700000)]

Stack: [0x0000000100600000,0x0000000100700000]
Native frames: (J=compiled Java code, j=interpreted, Vv=VM code, C=native code)
V  [jvm.dll+0x67733a]
V  [jvm.dll+0x8323c4]
V  [jvm.dll+0x833b6e]
V  [jvm.dll+0x8341d3]
V  [jvm.dll+0x2455e5]
V  [jvm.dll+0x674229]
V  [jvm.dll+0x668ab2]
V  [jvm.dll+0x30458b]
V  [jvm.dll+0x30bad6]
V  [jvm.dll+0x35ba7e]
V  [jvm.dll+0x35bcaf]
V  [jvm.dll+0x2db428]
V  [jvm.dll+0x2dc394]
V  [jvm.dll+0x803ef1]
V  [jvm.dll+0x3698d1]
V  [jvm.dll+0x7e320c]
V  [jvm.dll+0x3ec23f]
V  [jvm.dll+0x3eddc1]
C  [jli.dll+0x5277]
C  [ucrtbase.dll+0x21bb2]
C  [KERNEL32.DLL+0x17604]
C  [ntdll.dll+0x526a1]


---------------  P R O C E S S  ---------------

Threads class SMR info:
_java_thread_list=0x00007ffc37944e98, length=0, elements={
}

Java Threads: ( => current thread )

Other Threads:
  0x000001fe48a52ca0 GCTaskThread "GC Thread#0" [stack: 0x0000000100700000,0x0000000100800000] [id=30612]
  0x000001fe48a63fc0 ConcurrentGCThread "G1 Main Marker" [stack: 0x0000000100800000,0x0000000100900000] [id=27528]
  0x000001fe48a659e0 ConcurrentGCThread "G1 Conc#0" [stack: 0x0000000100900000,0x0000000100a00000] [id=29460]

[error occurred during error reporting (printing all threads), id 0xc0000005, EXCEPTION_ACCESS_VIOLATION (0xc0000005) at pc=0x00007ffc3711beb7]

VM state: not at safepoint (not fully initialized)

VM Mutex/Monitor currently owned by a thread:  ([mutex/lock_event])
[0x000001fe489f82d0] Heap_lock - owner thread: 0x000001fe489fbd90

Heap address: 0x000000008a200000, size: 1886 MB, Compressed Oops mode: 32-bit

CDS archive(s) mapped at: [0x0000000000000000-0x0000000000000000-0x0000000000000000), size 0, SharedBaseAddress: 0x0000000800000000, ArchiveRelocationMode: 0.
Narrow klass base: 0x0000000000000000, Narrow klass shift: 0, Narrow klass range: 0x0

GC Precious Log:
<Empty>

Heap:
 garbage-first heap   total 0K, used 0K [0x000000008a200000, 0x0000000100000000)
  region size 1024K, 0 young (0K), 0 survivors (0K)

[error occurred during error reporting (printing heap information), id 0xc0000005, EXCEPTION_ACCESS_VIOLATION (0xc0000005) at pc=0x00007ffc375006b9]

GC Heap History (0 events):
No events

Deoptimization events (0 events):
No events

Classes unloaded (0 events):
No events

Classes redefined (0 events):
No events

Internal exceptions (0 events):
No events

VM Operations (0 events):
No events

Events (1 events):
Event: 0.007 Loaded shared library C:\Users\Admin\.p2\pool\plugins\org.eclipse.justj.openjdk.hotspot.jre.full.win32.x86_64_17.0.4.v20220805-1047\jre\bin\java.dll


Dynamic libraries:
0x00007ff6f1190000 - 0x00007ff6f119e000 	C:\Users\Admin\.p2\pool\plugins\org.eclipse.justj.openjdk.hotspot.jre.full.win32.x86_64_17.0.4.v20220805-1047\jre\bin\javaw.exe
0x00007ffc72ef0000 - 0x00007ffc730e8000 	C:\Windows\SYSTEM32\ntdll.dll
0x00007ffc72000000 - 0x00007ffc720bf000 	C:\Windows\System32\KERNEL32.DLL
0x00007ffc70860000 - 0x00007ffc70b3a000 	C:\Windows\System32\KERNELBASE.dll
0x00007ffc70760000 - 0x00007ffc70860000 	C:\Windows\System32\ucrtbase.dll
0x00007ffc58e20000 - 0x00007ffc58e38000 	C:\Users\Admin\.p2\pool\plugins\org.eclipse.justj.openjdk.hotspot.jre.full.win32.x86_64_17.0.4.v20220805-1047\jre\bin\jli.dll
0x00007ffc57c70000 - 0x00007ffc57c89000 	C:\Users\Admin\.p2\pool\plugins\org.eclipse.justj.openjdk.hotspot.jre.full.win32.x86_64_17.0.4.v20220805-1047\jre\bin\VCRUNTIME140.dll
0x00007ffc715e0000 - 0x00007ffc7177d000 	C:\Windows\System32\USER32.dll
0x00007ffc70f20000 - 0x00007ffc70f42000 	C:\Windows\System32\win32u.dll
0x00007ffc69790000 - 0x00007ffc69a2a000 	C:\Windows\WinSxS\amd64_microsoft.windows.common-controls_6595b64144ccf1df_6.0.19041.1110_none_60b5254171f9507e\COMCTL32.dll
0x00007ffc70f50000 - 0x00007ffc70f7b000 	C:\Windows\System32\GDI32.dll
0x00007ffc70d60000 - 0x00007ffc70e70000 	C:\Windows\System32\gdi32full.dll
0x00007ffc71540000 - 0x00007ffc715de000 	C:\Windows\System32\msvcrt.dll
0x00007ffc70c00000 - 0x00007ffc70c9d000 	C:\Windows\System32\msvcp_win.dll
0x00007ffc72e20000 - 0x00007ffc72e50000 	C:\Windows\System32\IMM32.DLL
0x00007ffc66810000 - 0x00007ffc6681c000 	C:\Users\Admin\.p2\pool\plugins\org.eclipse.justj.openjdk.hotspot.jre.full.win32.x86_64_17.0.4.v20220805-1047\jre\bin\vcruntime140_1.dll
0x00007ffc51470000 - 0x00007ffc51501000 	C:\Users\Admin\.p2\pool\plugins\org.eclipse.justj.openjdk.hotspot.jre.full.win32.x86_64_17.0.4.v20220805-1047\jre\bin\msvcp140.dll
0x00007ffc36e30000 - 0x00007ffc37a76000 	C:\Users\Admin\.p2\pool\plugins\org.eclipse.justj.openjdk.hotspot.jre.full.win32.x86_64_17.0.4.v20220805-1047\jre\bin\server\jvm.dll
0x00007ffc71020000 - 0x00007ffc710ce000 	C:\Windows\System32\ADVAPI32.dll
0x00007ffc70f80000 - 0x00007ffc7101c000 	C:\Windows\System32\sechost.dll
0x00007ffc71410000 - 0x00007ffc71536000 	C:\Windows\System32\RPCRT4.dll
0x00007ffc72950000 - 0x00007ffc72958000 	C:\Windows\System32\PSAPI.DLL
0x00007ffc62d00000 - 0x00007ffc62d0a000 	C:\Windows\SYSTEM32\VERSION.dll
0x00007ffc6af20000 - 0x00007ffc6af29000 	C:\Windows\SYSTEM32\WSOCK32.dll
0x00007ffc62d10000 - 0x00007ffc62d37000 	C:\Windows\SYSTEM32\WINMM.dll
0x00007ffc72b40000 - 0x00007ffc72bab000 	C:\Windows\System32\WS2_32.dll
0x00007ffc6e4a0000 - 0x00007ffc6e4b2000 	C:\Windows\SYSTEM32\kernel.appcore.dll
0x00007ffc6af40000 - 0x00007ffc6af4a000 	C:\Users\Admin\.p2\pool\plugins\org.eclipse.justj.openjdk.hotspot.jre.full.win32.x86_64_17.0.4.v20220805-1047\jre\bin\jimage.dll
0x00007ffc67430000 - 0x00007ffc67614000 	C:\Windows\SYSTEM32\DBGHELP.DLL
0x00007ffc66b50000 - 0x00007ffc66b84000 	C:\Windows\SYSTEM32\dbgcore.DLL
0x00007ffc70b70000 - 0x00007ffc70bf2000 	C:\Windows\System32\bcryptPrimitives.dll
0x00007ffc5ac70000 - 0x00007ffc5ac95000 	C:\Users\Admin\.p2\pool\plugins\org.eclipse.justj.openjdk.hotspot.jre.full.win32.x86_64_17.0.4.v20220805-1047\jre\bin\java.dll

dbghelp: loaded successfully - version: 4.0.5 - missing functions: none
symbol engine: initialized successfully - sym options: 0x614 - pdb path: .;C:\Users\Admin\.p2\pool\plugins\org.eclipse.justj.openjdk.hotspot.jre.full.win32.x86_64_17.0.4.v20220805-1047\jre\bin;C:\Windows\SYSTEM32;C:\Windows\WinSxS\amd64_microsoft.windows.common-controls_6595b64144ccf1df_6.0.19041.1110_none_60b5254171f9507e;C:\Users\Admin\.p2\pool\plugins\org.eclipse.justj.openjdk.hotspot.jre.full.win32.x86_64_17.0.4.v20220805-1047\jre\bin\server

VM Arguments:
jvm_args: -Dfile.encoding=UTF-8 -XX:+ShowCodeDetailsInExceptionMessages 
java_command: Main
java_class_path (initial): C:\Users\Admin\Documents\School\2nd Sem\CCS103 - Computer Programming\SchoolWorkspace\Finals - Week 13-14 - Lab Activity\bin
Launcher Type: SUN_STANDARD

[Global flags]
     intx CICompilerCount                          = 4                                         {product} {ergonomic}
     uint ConcGCThreads                            = 3                                         {product} {ergonomic}
     uint G1ConcRefinementThreads                  = 10                                        {product} {ergonomic}
   size_t G1HeapRegionSize                         = 1048576                                   {product} {ergonomic}
    uintx GCDrainStackTargetSize                   = 64                                        {product} {ergonomic}
   size_t InitialHeapSize                          = 123731968                                 {product} {ergonomic}
   size_t MarkStackSize                            = 4194304                                   {product} {ergonomic}
   size_t MaxHeapSize                              = 1977614336                                {product} {ergonomic}
   size_t MinHeapDeltaBytes                        = 1048576                                   {product} {ergonomic}
   size_t MinHeapSize                              = 8388608                                   {product} {ergonomic}
    uintx NonNMethodCodeHeapSize                   = 5839372                                {pd product} {ergonomic}
    uintx NonProfiledCodeHeapSize                  = 122909434                              {pd product} {ergonomic}
    uintx ProfiledCodeHeapSize                     = 122909434                              {pd product} {ergonomic}
    uintx ReservedCodeCacheSize                    = 251658240                              {pd product} {ergonomic}
     bool SegmentedCodeCache                       = true                                      {product} {ergonomic}
     bool ShowCodeDetailsInExceptionMessages       = true                                   {manageable} {command line}
   size_t SoftMaxHeapSize                          = 1977614336                             {manageable} {ergonomic}
     bool UseCompressedClassPointers               = true                           {product lp64_product} {ergonomic}
     bool UseCompressedOops                        = true                           {product lp64_product} {ergonomic}
     bool UseG1GC                                  = true                                      {product} {ergonomic}
     bool UseLargePagesIndividualAllocation        = false                                  {pd product} {ergonomic}

Logging:
Log output configuration:
 #0: stdout all=warning uptime,level,tags
 #1: stderr all=off uptime,level,tags

Environment Variables:
JAVA_HOME=C:\Program Files\Java\jdk-18.0.2
PATH=C:/Users/Admin/.p2/pool/plugins/org.eclipse.justj.openjdk.hotspot.jre.full.win32.x86_64_17.0.4.v20220805-1047/jre/bin/server;C:/Users/Admin/.p2/pool/plugins/org.eclipse.justj.openjdk.hotspot.jre.full.win32.x86_64_17.0.4.v20220805-1047/jre/bin;C:\Program Files\Eclipse Adoptium\jdk-17.0.4.101-hotspot\bin;C:\Program Files\Common Files\Oracle\Java\javapath;C:\Windows\system32;C:\Windows;C:\Windows\System32\Wbem;C:\Windows\System32\WindowsPowerShell\v1.0\;C:\Windows\System32\OpenSSH\;C:\Program Files\Git\cmd;C:\Program Files\MongoDB\Server\6.0\bin;C:\Program Files\Java\jdk-18.0.2\bin;C:\Program Files\dotnet\;C:\Users\Admin\AppData\Roaming\nvm;C:\Program Files\nodejs;C:\Program Files\nodejs\;C:\Program Files\MySQL\MySQL Shell 8.0\bin\;C:\Users\Admin\AppData\Local\Programs\Python\Python310\Scripts\;C:\Users\Admin\AppData\Local\Programs\Python\Python310\;C:\Users\Admin\AppData\Local\Microsoft\WindowsApps;C:\Users\Admin\AppData\Local\Programs\Microsoft VS Code\bin;C:\Program Files\heroku\bin;C:\Users\Admin\AppData\Roaming\nvm;C:\Users\Admin\AppData\Roaming\npm;C:\adb;C:\Program Files\MySQL\MySQL Shell 8.0\bin\;C:\Users\Admin\AppData\Local\Programs\Python\Python310\Scripts\;C:\Users\Admin\AppData\Local\Programs\Python\Python310\;C:\Users\Admin\AppData\Local\Microsoft\WindowsApps;C:\Users\Admin\AppData\Local\Programs\Microsoft VS Code\bin;C:\Program Files\heroku\bin;C:\Users\Admin\AppData\Roaming\nvm;C:\Program Files\nodejs;C:\Users\Admin\AppData\Roaming\npm;C:\Windows\System32;
USERNAME=Admin
OS=Windows_NT
PROCESSOR_IDENTIFIER=AMD64 Family 23 Model 104 Stepping 1, AuthenticAMD
TMP=C:\Users\Admin\AppData\Local\Temp
TEMP=C:\Users\Admin\AppData\Local\Temp



---------------  S Y S T E M  ---------------

OS:
 Windows 10 , 64 bit Build 19041 (10.0.19041.2788)
OS uptime: 16 days 22:37 hours

CPU: total 12 (initial active 12) (12 cores per cpu, 2 threads per core) family 23 model 104 stepping 1 microcode 0x0, cx8, cmov, fxsr, ht, mmx, 3dnowpref, sse, sse2, sse3, ssse3, sse4a, sse4.1, sse4.2, popcnt, lzcnt, tsc, tscinvbit, avx, avx2, aes, clmul, bmi1, bmi2, adx, sha, fma, vzeroupper, clflush, clflushopt

Memory: 4k page, system-wide physical 7541M (781M free)
TotalPageFile size 31093M (AvailPageFile size 19M)
current process WorkingSet (physical memory assigned to process): 10M, peak: 10M
current process commit charge ("private bytes"): 64M, peak: 182M

vm_info: OpenJDK 64-Bit Server VM (17.0.4+8) for windows-amd64 JRE (17.0.4+8), built on Jul 19 2022 16:05:16 by "temurin" with MS VC++ 16.7 (VS2019)

END.
