#
# There is insufficient memory for the Java Runtime Environment to continue.
# Native memory allocation (mmap) failed to map 65536 bytes for Failed to commit metaspace.
# Possible reasons:
#   The system is out of physical RAM or swap space
#   The process is running with CompressedOops enabled, and the Java Heap may be blocking the growth of the native heap
# Possible solutions:
#   Reduce memory load on the system
#   Increase physical memory or swap space
#   Check if swap backing store is full
#   Decrease Java heap size (-Xmx/-Xms)
#   Decrease number of Java threads
#   Decrease Java thread stack sizes (-Xss)
#   Set larger code cache with -XX:ReservedCodeCacheSize=
#   JVM is running with Unscaled Compressed Oops mode in which the Java heap is
#     placed in the first 4GB address space. The Java Heap base address is the
#     maximum limit for the native heap growth. Please use -XX:HeapBaseMinAddress
#     to set the Java Heap base and to place the Java Heap above 4GB virtual address.
# This output file may be truncated or incomplete.
#
#  Out of Memory Error (virtualSpaceNode.cpp:110), pid=20364, tid=16756
#
# JRE version: OpenJDK Runtime Environment Temurin-17.0.4+8 (17.0.4+8) (build 17.0.4+8)
# Java VM: OpenJDK 64-Bit Server VM Temurin-17.0.4+8 (17.0.4+8, mixed mode, tiered, compressed oops, compressed class ptrs, g1 gc, windows-amd64)
# No core dump will be written. Minidumps are not enabled by default on client versions of Windows
#

---------------  S U M M A R Y ------------

Command Line: -Dfile.encoding=UTF-8 -XX:+ShowCodeDetailsInExceptionMessages Main

Host: AMD Ryzen 5 5500U with Radeon Graphics         , 12 cores, 7G,  Windows 10 , 64 bit Build 19041 (10.0.19041.2788)
Time: Wed May 10 15:49:34 2023 Taipei Standard Time elapsed time: 0.473242 seconds (0d 0h 0m 0s)

---------------  T H R E A D  ---------------

Current thread (0x000001e8d62bc190):  JavaThread "main" [_thread_in_vm, id=16756, stack(0x0000001713500000,0x0000001713600000)]

Stack: [0x0000001713500000,0x0000001713600000]
Native frames: (J=compiled Java code, j=interpreted, Vv=VM code, C=native code)
V  [jvm.dll+0x67733a]
V  [jvm.dll+0x8323c4]
V  [jvm.dll+0x833b6e]
V  [jvm.dll+0x8341d3]
V  [jvm.dll+0x2455e5]
V  [jvm.dll+0x82e36b]
V  [jvm.dll+0x61be16]
V  [jvm.dll+0x61be7a]
V  [jvm.dll+0x61e69a]
V  [jvm.dll+0x61c7b6]
V  [jvm.dll+0x23b0d0]
V  [jvm.dll+0x1eae0d]
V  [jvm.dll+0x1e0841]
V  [jvm.dll+0x53c8f0]
V  [jvm.dll+0x1f1037]
V  [jvm.dll+0x7ac5bb]
V  [jvm.dll+0x7ad962]
V  [jvm.dll+0x7adc98]
V  [jvm.dll+0x23d9ee]
V  [jvm.dll+0x37f27e]
C  0x000001e8d99ab6ce

Java frames: (J=compiled Java code, j=interpreted, Vv=VM code)
j  sun.font.TrueTypeFont$1.run()Ljava/io/RandomAccessFile;+0 java.desktop@17.0.4
j  sun.font.TrueTypeFont$1.run()Ljava/lang/Object;+1 java.desktop@17.0.4
j  java.security.AccessController.executePrivileged(Ljava/security/PrivilegedExceptionAction;Ljava/security/AccessControlContext;Ljava/lang/Class;)Ljava/lang/Object;+29 java.base@17.0.4
j  java.security.AccessController.doPrivileged(Ljava/security/PrivilegedExceptionAction;)Ljava/lang/Object;+9 java.base@17.0.4
j  sun.font.TrueTypeFont.open(Z)Ljava/nio/channels/FileChannel;+36 java.desktop@17.0.4
j  sun.font.TrueTypeFont.verify(Z)V+2 java.desktop@17.0.4
j  sun.font.TrueTypeFont.<init>(Ljava/lang/String;Ljava/lang/Object;IZZ)V+51 java.desktop@17.0.4
j  sun.font.TrueTypeFont.<init>(Ljava/lang/String;Ljava/lang/Object;IZ)V+7 java.desktop@17.0.4
j  sun.font.SunFontManager.registerFontFile(Ljava/lang/String;[Ljava/lang/String;IZI)Lsun/font/PhysicalFont;+76 java.desktop@17.0.4
j  sun.font.SunFontManager.initialiseDeferredFont(Ljava/lang/String;)Lsun/font/PhysicalFont;+69 java.desktop@17.0.4
j  sun.font.CompositeFont.doDeferredInitialisation(I)V+73 java.desktop@17.0.4
j  sun.font.CompositeFont.getSlotFont(I)Lsun/font/PhysicalFont;+11 java.desktop@17.0.4
j  sun.font.CompositeStrike.getStrikeForSlot(I)Lsun/font/PhysicalStrike;+27 java.desktop@17.0.4
j  sun.font.CompositeStrike.getFontMetrics()Lsun/font/StrikeMetrics;+31 java.desktop@17.0.4
j  sun.font.FontDesignMetrics.initMatrixAndMetrics()V+28 java.desktop@17.0.4
j  sun.font.FontDesignMetrics.<init>(Ljava/awt/Font;Ljava/awt/font/FontRenderContext;)V+62 java.desktop@17.0.4
j  sun.font.FontDesignMetrics.getMetrics(Ljava/awt/Font;Ljava/awt/font/FontRenderContext;)Lsun/font/FontDesignMetrics;+128 java.desktop@17.0.4
j  sun.swing.SwingUtilities2.getFontMetrics(Ljavax/swing/JComponent;Ljava/awt/Font;)Ljava/awt/FontMetrics;+15 java.desktop@17.0.4
j  javax.swing.JComponent.getFontMetrics(Ljava/awt/Font;)Ljava/awt/FontMetrics;+2 java.desktop@17.0.4
j  javax.swing.plaf.basic.BasicLabelUI.getPreferredSize(Ljavax/swing/JComponent;)Ljava/awt/Dimension;+144 java.desktop@17.0.4
j  javax.swing.JComponent.getPreferredSize()Ljava/awt/Dimension;+26 java.desktop@17.0.4
j  javax.swing.plaf.basic.BasicTableHeaderUI.getHeaderHeight()I+70 java.desktop@17.0.4
j  javax.swing.plaf.basic.BasicTableHeaderUI.createHeaderSize(J)Ljava/awt/Dimension;+19 java.desktop@17.0.4
j  javax.swing.plaf.basic.BasicTableHeaderUI.getPreferredSize(Ljavax/swing/JComponent;)Ljava/awt/Dimension;+52 java.desktop@17.0.4
j  javax.swing.JComponent.getPreferredSize()Ljava/awt/Dimension;+26 java.desktop@17.0.4
j  javax.swing.table.JTableHeader.getPreferredSize()Ljava/awt/Dimension;+1 java.desktop@17.0.4
j  javax.swing.ViewportLayout.preferredLayoutSize(Ljava/awt/Container;)Ljava/awt/Dimension;+40 java.desktop@17.0.4
j  java.awt.Container.preferredSize()Ljava/awt/Dimension;+43 java.desktop@17.0.4
j  java.awt.Container.getPreferredSize()Ljava/awt/Dimension;+1 java.desktop@17.0.4
j  javax.swing.JComponent.getPreferredSize()Ljava/awt/Dimension;+39 java.desktop@17.0.4
j  javax.swing.ScrollPaneLayout.layoutContainer(Ljava/awt/Container;)V+147 java.desktop@17.0.4
j  java.awt.Container.layout()V+11 java.desktop@17.0.4
j  java.awt.Container.doLayout()V+1 java.desktop@17.0.4
j  java.awt.Container.validateTree()V+47 java.desktop@17.0.4
j  java.awt.Container.validateTree()V+110 java.desktop@17.0.4
j  java.awt.Container.validateTree()V+110 java.desktop@17.0.4
j  java.awt.Container.validateTree()V+110 java.desktop@17.0.4
j  java.awt.Container.validateTree()V+110 java.desktop@17.0.4
j  java.awt.Container.validate()V+60 java.desktop@17.0.4
j  java.awt.Container.validateUnconditionally()V+14 java.desktop@17.0.4
j  java.awt.Window.show()V+12 java.desktop@17.0.4
j  java.awt.Component.show(Z)V+5 java.desktop@17.0.4
j  java.awt.Component.setVisible(Z)V+2 java.desktop@17.0.4
j  java.awt.Window.setVisible(Z)V+2 java.desktop@17.0.4
j  Main.<init>()V+2159
j  Main.main([Ljava/lang/String;)V+3
v  ~StubRoutines::call_stub

---------------  P R O C E S S  ---------------

Threads class SMR info:
_java_thread_list=0x000001e8f14cf4d0, length=16, elements={
0x000001e8d62bc190, 0x000001e8f0177020, 0x000001e8f015c190, 0x000001e8f0161110,
0x000001e8f0c08070, 0x000001e8f0c08930, 0x000001e8f0c11810, 0x000001e8f0c159f0,
0x000001e8f0c163e0, 0x000001e8f0c195f0, 0x000001e8f0d82050, 0x000001e8f0d94220,
0x000001e8f0ffeb00, 0x000001e8f108d010, 0x000001e8f1093fb0, 0x000001e8f14868d0
}

Java Threads: ( => current thread )
=>0x000001e8d62bc190 JavaThread "main" [_thread_in_vm, id=16756, stack(0x0000001713500000,0x0000001713600000)]
  0x000001e8f0177020 JavaThread "Reference Handler" daemon [_thread_blocked, id=32268, stack(0x0000001713c00000,0x0000001713d00000)]
  0x000001e8f015c190 JavaThread "Finalizer" daemon [_thread_blocked, id=32272, stack(0x0000001713d00000,0x0000001713e00000)]
  0x000001e8f0161110 JavaThread "Signal Dispatcher" daemon [_thread_blocked, id=32248, stack(0x0000001713e00000,0x0000001713f00000)]
  0x000001e8f0c08070 JavaThread "Attach Listener" daemon [_thread_blocked, id=32288, stack(0x0000001713f00000,0x0000001714000000)]
  0x000001e8f0c08930 JavaThread "Service Thread" daemon [_thread_blocked, id=32308, stack(0x0000001714000000,0x0000001714100000)]
  0x000001e8f0c11810 JavaThread "Monitor Deflation Thread" daemon [_thread_blocked, id=32304, stack(0x0000001714100000,0x0000001714200000)]
  0x000001e8f0c159f0 JavaThread "C2 CompilerThread0" daemon [_thread_blocked, id=32312, stack(0x0000001714200000,0x0000001714300000)]
  0x000001e8f0c163e0 JavaThread "C1 CompilerThread0" daemon [_thread_blocked, id=32316, stack(0x0000001714300000,0x0000001714400000)]
  0x000001e8f0c195f0 JavaThread "Sweeper thread" daemon [_thread_blocked, id=32328, stack(0x0000001714400000,0x0000001714500000)]
  0x000001e8f0d82050 JavaThread "Notification Thread" daemon [_thread_blocked, id=17792, stack(0x0000001714500000,0x0000001714600000)]
  0x000001e8f0d94220 JavaThread "Common-Cleaner" daemon [_thread_blocked, id=32336, stack(0x0000001714700000,0x0000001714800000)]
  0x000001e8f0ffeb00 JavaThread "Java2D Disposer" daemon [_thread_blocked, id=4632, stack(0x0000001714800000,0x0000001714900000)]
  0x000001e8f108d010 JavaThread "AWT-Shutdown" [_thread_blocked, id=25556, stack(0x0000001714900000,0x0000001714a00000)]
  0x000001e8f1093fb0 JavaThread "AWT-Windows" daemon [_thread_in_native, id=31728, stack(0x0000001714a00000,0x0000001714b00000)]
  0x000001e8f14868d0 JavaThread "AWT-EventQueue-0" [_thread_blocked, id=32492, stack(0x0000001715c00000,0x0000001715d00000)]

Other Threads:
  0x000001e8f01551d0 VMThread "VM Thread" [stack: 0x0000001713b00000,0x0000001713c00000] [id=29984]
  0x000001e8f0d18e20 WatcherThread [stack: 0x0000001714600000,0x0000001714700000] [id=32344]
  0x000001e8d63136c0 GCTaskThread "GC Thread#0" [stack: 0x0000001713600000,0x0000001713700000] [id=15996]
  0x000001e8d6323960 ConcurrentGCThread "G1 Main Marker" [stack: 0x0000001713700000,0x0000001713800000] [id=12308]
  0x000001e8d6325380 ConcurrentGCThread "G1 Conc#0" [stack: 0x0000001713800000,0x0000001713900000] [id=29384]
  0x000001e8effb0490 ConcurrentGCThread "G1 Refine#0" [stack: 0x0000001713900000,0x0000001713a00000] [id=32252]
  0x000001e8effb0eb0 ConcurrentGCThread "G1 Service" [stack: 0x0000001713a00000,0x0000001713b00000] [id=32260]

Threads with active compile tasks:

VM state: not at safepoint (normal execution)

VM Mutex/Monitor currently owned by a thread:  ([mutex/lock_event])
[0x000001e8d62b5140] Metaspace_lock - owner thread: 0x000001e8d62bc190

Heap address: 0x000000008a200000, size: 1886 MB, Compressed Oops mode: 32-bit

CDS archive(s) not mapped
Compressed class space mapped at: 0x0000000100000000-0x0000000140000000, reserved size: 1073741824
Narrow klass base: 0x0000000000000000, Narrow klass shift: 3, Narrow klass range: 0x140000000

GC Precious Log:
 CPUs: 12 total, 12 available
 Memory: 7541M
 Large Page Support: Disabled
 NUMA Support: Disabled
 Compressed Oops: Enabled (32-bit)
 Heap Region Size: 1M
 Heap Min Capacity: 8M
 Heap Initial Capacity: 118M
 Heap Max Capacity: 1886M
 Pre-touch: Disabled
 Parallel Workers: 10
 Concurrent Workers: 3
 Concurrent Refinement Workers: 10
 Periodic GC: Disabled

Heap:
 garbage-first heap   total 120832K, used 5120K [0x000000008a200000, 0x0000000100000000)
  region size 1024K, 6 young (6144K), 0 survivors (0K)
 Metaspace       used 14114K, committed 14336K, reserved 1064960K
  class space    used 1525K, committed 1664K, reserved 1048576K

Heap Regions: E=young(eden), S=young(survivor), O=old, HS=humongous(starts), HC=humongous(continues), CS=collection set, F=free, OA=open archive, CA=closed archive, TAMS=top-at-mark-start (previous, next)
|   0|0x000000008a200000, 0x000000008a200000, 0x000000008a300000|  0%| F|  |TAMS 0x000000008a200000, 0x000000008a200000| Untracked 
|   1|0x000000008a300000, 0x000000008a300000, 0x000000008a400000|  0%| F|  |TAMS 0x000000008a300000, 0x000000008a300000| Untracked 
|   2|0x000000008a400000, 0x000000008a400000, 0x000000008a500000|  0%| F|  |TAMS 0x000000008a400000, 0x000000008a400000| Untracked 
|   3|0x000000008a500000, 0x000000008a500000, 0x000000008a600000|  0%| F|  |TAMS 0x000000008a500000, 0x000000008a500000| Untracked 
|   4|0x000000008a600000, 0x000000008a600000, 0x000000008a700000|  0%| F|  |TAMS 0x000000008a600000, 0x000000008a600000| Untracked 
|   5|0x000000008a700000, 0x000000008a700000, 0x000000008a800000|  0%| F|  |TAMS 0x000000008a700000, 0x000000008a700000| Untracked 
|   6|0x000000008a800000, 0x000000008a800000, 0x000000008a900000|  0%| F|  |TAMS 0x000000008a800000, 0x000000008a800000| Untracked 
|   7|0x000000008a900000, 0x000000008a900000, 0x000000008aa00000|  0%| F|  |TAMS 0x000000008a900000, 0x000000008a900000| Untracked 
|   8|0x000000008aa00000, 0x000000008aa00000, 0x000000008ab00000|  0%| F|  |TAMS 0x000000008aa00000, 0x000000008aa00000| Untracked 
|   9|0x000000008ab00000, 0x000000008ab00000, 0x000000008ac00000|  0%| F|  |TAMS 0x000000008ab00000, 0x000000008ab00000| Untracked 
|  10|0x000000008ac00000, 0x000000008ac00000, 0x000000008ad00000|  0%| F|  |TAMS 0x000000008ac00000, 0x000000008ac00000| Untracked 
|  11|0x000000008ad00000, 0x000000008ad00000, 0x000000008ae00000|  0%| F|  |TAMS 0x000000008ad00000, 0x000000008ad00000| Untracked 
|  12|0x000000008ae00000, 0x000000008ae00000, 0x000000008af00000|  0%| F|  |TAMS 0x000000008ae00000, 0x000000008ae00000| Untracked 
|  13|0x000000008af00000, 0x000000008af00000, 0x000000008b000000|  0%| F|  |TAMS 0x000000008af00000, 0x000000008af00000| Untracked 
|  14|0x000000008b000000, 0x000000008b000000, 0x000000008b100000|  0%| F|  |TAMS 0x000000008b000000, 0x000000008b000000| Untracked 
|  15|0x000000008b100000, 0x000000008b100000, 0x000000008b200000|  0%| F|  |TAMS 0x000000008b100000, 0x000000008b100000| Untracked 
|  16|0x000000008b200000, 0x000000008b200000, 0x000000008b300000|  0%| F|  |TAMS 0x000000008b200000, 0x000000008b200000| Untracked 
|  17|0x000000008b300000, 0x000000008b300000, 0x000000008b400000|  0%| F|  |TAMS 0x000000008b300000, 0x000000008b300000| Untracked 
|  18|0x000000008b400000, 0x000000008b400000, 0x000000008b500000|  0%| F|  |TAMS 0x000000008b400000, 0x000000008b400000| Untracked 
|  19|0x000000008b500000, 0x000000008b500000, 0x000000008b600000|  0%| F|  |TAMS 0x000000008b500000, 0x000000008b500000| Untracked 
|  20|0x000000008b600000, 0x000000008b600000, 0x000000008b700000|  0%| F|  |TAMS 0x000000008b600000, 0x000000008b600000| Untracked 
|  21|0x000000008b700000, 0x000000008b700000, 0x000000008b800000|  0%| F|  |TAMS 0x000000008b700000, 0x000000008b700000| Untracked 
|  22|0x000000008b800000, 0x000000008b800000, 0x000000008b900000|  0%| F|  |TAMS 0x000000008b800000, 0x000000008b800000| Untracked 
|  23|0x000000008b900000, 0x000000008b900000, 0x000000008ba00000|  0%| F|  |TAMS 0x000000008b900000, 0x000000008b900000| Untracked 
|  24|0x000000008ba00000, 0x000000008ba00000, 0x000000008bb00000|  0%| F|  |TAMS 0x000000008ba00000, 0x000000008ba00000| Untracked 
|  25|0x000000008bb00000, 0x000000008bb00000, 0x000000008bc00000|  0%| F|  |TAMS 0x000000008bb00000, 0x000000008bb00000| Untracked 
|  26|0x000000008bc00000, 0x000000008bc00000, 0x000000008bd00000|  0%| F|  |TAMS 0x000000008bc00000, 0x000000008bc00000| Untracked 
|  27|0x000000008bd00000, 0x000000008bd00000, 0x000000008be00000|  0%| F|  |TAMS 0x000000008bd00000, 0x000000008bd00000| Untracked 
|  28|0x000000008be00000, 0x000000008be00000, 0x000000008bf00000|  0%| F|  |TAMS 0x000000008be00000, 0x000000008be00000| Untracked 
|  29|0x000000008bf00000, 0x000000008bf00000, 0x000000008c000000|  0%| F|  |TAMS 0x000000008bf00000, 0x000000008bf00000| Untracked 
|  30|0x000000008c000000, 0x000000008c000000, 0x000000008c100000|  0%| F|  |TAMS 0x000000008c000000, 0x000000008c000000| Untracked 
|  31|0x000000008c100000, 0x000000008c100000, 0x000000008c200000|  0%| F|  |TAMS 0x000000008c100000, 0x000000008c100000| Untracked 
|  32|0x000000008c200000, 0x000000008c200000, 0x000000008c300000|  0%| F|  |TAMS 0x000000008c200000, 0x000000008c200000| Untracked 
|  33|0x000000008c300000, 0x000000008c300000, 0x000000008c400000|  0%| F|  |TAMS 0x000000008c300000, 0x000000008c300000| Untracked 
|  34|0x000000008c400000, 0x000000008c400000, 0x000000008c500000|  0%| F|  |TAMS 0x000000008c400000, 0x000000008c400000| Untracked 
|  35|0x000000008c500000, 0x000000008c500000, 0x000000008c600000|  0%| F|  |TAMS 0x000000008c500000, 0x000000008c500000| Untracked 
|  36|0x000000008c600000, 0x000000008c600000, 0x000000008c700000|  0%| F|  |TAMS 0x000000008c600000, 0x000000008c600000| Untracked 
|  37|0x000000008c700000, 0x000000008c700000, 0x000000008c800000|  0%| F|  |TAMS 0x000000008c700000, 0x000000008c700000| Untracked 
|  38|0x000000008c800000, 0x000000008c800000, 0x000000008c900000|  0%| F|  |TAMS 0x000000008c800000, 0x000000008c800000| Untracked 
|  39|0x000000008c900000, 0x000000008c900000, 0x000000008ca00000|  0%| F|  |TAMS 0x000000008c900000, 0x000000008c900000| Untracked 
|  40|0x000000008ca00000, 0x000000008ca00000, 0x000000008cb00000|  0%| F|  |TAMS 0x000000008ca00000, 0x000000008ca00000| Untracked 
|  41|0x000000008cb00000, 0x000000008cb00000, 0x000000008cc00000|  0%| F|  |TAMS 0x000000008cb00000, 0x000000008cb00000| Untracked 
|  42|0x000000008cc00000, 0x000000008cc00000, 0x000000008cd00000|  0%| F|  |TAMS 0x000000008cc00000, 0x000000008cc00000| Untracked 
|  43|0x000000008cd00000, 0x000000008cd00000, 0x000000008ce00000|  0%| F|  |TAMS 0x000000008cd00000, 0x000000008cd00000| Untracked 
|  44|0x000000008ce00000, 0x000000008ce00000, 0x000000008cf00000|  0%| F|  |TAMS 0x000000008ce00000, 0x000000008ce00000| Untracked 
|  45|0x000000008cf00000, 0x000000008cf00000, 0x000000008d000000|  0%| F|  |TAMS 0x000000008cf00000, 0x000000008cf00000| Untracked 
|  46|0x000000008d000000, 0x000000008d000000, 0x000000008d100000|  0%| F|  |TAMS 0x000000008d000000, 0x000000008d000000| Untracked 
|  47|0x000000008d100000, 0x000000008d100000, 0x000000008d200000|  0%| F|  |TAMS 0x000000008d100000, 0x000000008d100000| Untracked 
|  48|0x000000008d200000, 0x000000008d200000, 0x000000008d300000|  0%| F|  |TAMS 0x000000008d200000, 0x000000008d200000| Untracked 
|  49|0x000000008d300000, 0x000000008d300000, 0x000000008d400000|  0%| F|  |TAMS 0x000000008d300000, 0x000000008d300000| Untracked 
|  50|0x000000008d400000, 0x000000008d400000, 0x000000008d500000|  0%| F|  |TAMS 0x000000008d400000, 0x000000008d400000| Untracked 
|  51|0x000000008d500000, 0x000000008d500000, 0x000000008d600000|  0%| F|  |TAMS 0x000000008d500000, 0x000000008d500000| Untracked 
|  52|0x000000008d600000, 0x000000008d600000, 0x000000008d700000|  0%| F|  |TAMS 0x000000008d600000, 0x000000008d600000| Untracked 
|  53|0x000000008d700000, 0x000000008d700000, 0x000000008d800000|  0%| F|  |TAMS 0x000000008d700000, 0x000000008d700000| Untracked 
|  54|0x000000008d800000, 0x000000008d800000, 0x000000008d900000|  0%| F|  |TAMS 0x000000008d800000, 0x000000008d800000| Untracked 
|  55|0x000000008d900000, 0x000000008d900000, 0x000000008da00000|  0%| F|  |TAMS 0x000000008d900000, 0x000000008d900000| Untracked 
|  56|0x000000008da00000, 0x000000008da00000, 0x000000008db00000|  0%| F|  |TAMS 0x000000008da00000, 0x000000008da00000| Untracked 
|  57|0x000000008db00000, 0x000000008db00000, 0x000000008dc00000|  0%| F|  |TAMS 0x000000008db00000, 0x000000008db00000| Untracked 
|  58|0x000000008dc00000, 0x000000008dc00000, 0x000000008dd00000|  0%| F|  |TAMS 0x000000008dc00000, 0x000000008dc00000| Untracked 
|  59|0x000000008dd00000, 0x000000008dd00000, 0x000000008de00000|  0%| F|  |TAMS 0x000000008dd00000, 0x000000008dd00000| Untracked 
|  60|0x000000008de00000, 0x000000008de00000, 0x000000008df00000|  0%| F|  |TAMS 0x000000008de00000, 0x000000008de00000| Untracked 
|  61|0x000000008df00000, 0x000000008df00000, 0x000000008e000000|  0%| F|  |TAMS 0x000000008df00000, 0x000000008df00000| Untracked 
|  62|0x000000008e000000, 0x000000008e000000, 0x000000008e100000|  0%| F|  |TAMS 0x000000008e000000, 0x000000008e000000| Untracked 
|  63|0x000000008e100000, 0x000000008e100000, 0x000000008e200000|  0%| F|  |TAMS 0x000000008e100000, 0x000000008e100000| Untracked 
|  64|0x000000008e200000, 0x000000008e200000, 0x000000008e300000|  0%| F|  |TAMS 0x000000008e200000, 0x000000008e200000| Untracked 
|  65|0x000000008e300000, 0x000000008e300000, 0x000000008e400000|  0%| F|  |TAMS 0x000000008e300000, 0x000000008e300000| Untracked 
|  66|0x000000008e400000, 0x000000008e400000, 0x000000008e500000|  0%| F|  |TAMS 0x000000008e400000, 0x000000008e400000| Untracked 
|  67|0x000000008e500000, 0x000000008e500000, 0x000000008e600000|  0%| F|  |TAMS 0x000000008e500000, 0x000000008e500000| Untracked 
|  68|0x000000008e600000, 0x000000008e600000, 0x000000008e700000|  0%| F|  |TAMS 0x000000008e600000, 0x000000008e600000| Untracked 
|  69|0x000000008e700000, 0x000000008e700000, 0x000000008e800000|  0%| F|  |TAMS 0x000000008e700000, 0x000000008e700000| Untracked 
|  70|0x000000008e800000, 0x000000008e800000, 0x000000008e900000|  0%| F|  |TAMS 0x000000008e800000, 0x000000008e800000| Untracked 
|  71|0x000000008e900000, 0x000000008e900000, 0x000000008ea00000|  0%| F|  |TAMS 0x000000008e900000, 0x000000008e900000| Untracked 
|  72|0x000000008ea00000, 0x000000008ea00000, 0x000000008eb00000|  0%| F|  |TAMS 0x000000008ea00000, 0x000000008ea00000| Untracked 
|  73|0x000000008eb00000, 0x000000008eb00000, 0x000000008ec00000|  0%| F|  |TAMS 0x000000008eb00000, 0x000000008eb00000| Untracked 
|  74|0x000000008ec00000, 0x000000008ec00000, 0x000000008ed00000|  0%| F|  |TAMS 0x000000008ec00000, 0x000000008ec00000| Untracked 
|  75|0x000000008ed00000, 0x000000008ed00000, 0x000000008ee00000|  0%| F|  |TAMS 0x000000008ed00000, 0x000000008ed00000| Untracked 
|  76|0x000000008ee00000, 0x000000008ee00000, 0x000000008ef00000|  0%| F|  |TAMS 0x000000008ee00000, 0x000000008ee00000| Untracked 
|  77|0x000000008ef00000, 0x000000008ef00000, 0x000000008f000000|  0%| F|  |TAMS 0x000000008ef00000, 0x000000008ef00000| Untracked 
|  78|0x000000008f000000, 0x000000008f000000, 0x000000008f100000|  0%| F|  |TAMS 0x000000008f000000, 0x000000008f000000| Untracked 
|  79|0x000000008f100000, 0x000000008f100000, 0x000000008f200000|  0%| F|  |TAMS 0x000000008f100000, 0x000000008f100000| Untracked 
|  80|0x000000008f200000, 0x000000008f200000, 0x000000008f300000|  0%| F|  |TAMS 0x000000008f200000, 0x000000008f200000| Untracked 
|  81|0x000000008f300000, 0x000000008f300000, 0x000000008f400000|  0%| F|  |TAMS 0x000000008f300000, 0x000000008f300000| Untracked 
|  82|0x000000008f400000, 0x000000008f400000, 0x000000008f500000|  0%| F|  |TAMS 0x000000008f400000, 0x000000008f400000| Untracked 
|  83|0x000000008f500000, 0x000000008f500000, 0x000000008f600000|  0%| F|  |TAMS 0x000000008f500000, 0x000000008f500000| Untracked 
|  84|0x000000008f600000, 0x000000008f600000, 0x000000008f700000|  0%| F|  |TAMS 0x000000008f600000, 0x000000008f600000| Untracked 
|  85|0x000000008f700000, 0x000000008f700000, 0x000000008f800000|  0%| F|  |TAMS 0x000000008f700000, 0x000000008f700000| Untracked 
|  86|0x000000008f800000, 0x000000008f800000, 0x000000008f900000|  0%| F|  |TAMS 0x000000008f800000, 0x000000008f800000| Untracked 
|  87|0x000000008f900000, 0x000000008f900000, 0x000000008fa00000|  0%| F|  |TAMS 0x000000008f900000, 0x000000008f900000| Untracked 
|  88|0x000000008fa00000, 0x000000008fa00000, 0x000000008fb00000|  0%| F|  |TAMS 0x000000008fa00000, 0x000000008fa00000| Untracked 
|  89|0x000000008fb00000, 0x000000008fb00000, 0x000000008fc00000|  0%| F|  |TAMS 0x000000008fb00000, 0x000000008fb00000| Untracked 
|  90|0x000000008fc00000, 0x000000008fc00000, 0x000000008fd00000|  0%| F|  |TAMS 0x000000008fc00000, 0x000000008fc00000| Untracked 
|  91|0x000000008fd00000, 0x000000008fd00000, 0x000000008fe00000|  0%| F|  |TAMS 0x000000008fd00000, 0x000000008fd00000| Untracked 
|  92|0x000000008fe00000, 0x000000008fe00000, 0x000000008ff00000|  0%| F|  |TAMS 0x000000008fe00000, 0x000000008fe00000| Untracked 
|  93|0x000000008ff00000, 0x000000008ff00000, 0x0000000090000000|  0%| F|  |TAMS 0x000000008ff00000, 0x000000008ff00000| Untracked 
|  94|0x0000000090000000, 0x0000000090000000, 0x0000000090100000|  0%| F|  |TAMS 0x0000000090000000, 0x0000000090000000| Untracked 
|  95|0x0000000090100000, 0x0000000090100000, 0x0000000090200000|  0%| F|  |TAMS 0x0000000090100000, 0x0000000090100000| Untracked 
|  96|0x0000000090200000, 0x0000000090200000, 0x0000000090300000|  0%| F|  |TAMS 0x0000000090200000, 0x0000000090200000| Untracked 
|  97|0x0000000090300000, 0x0000000090300000, 0x0000000090400000|  0%| F|  |TAMS 0x0000000090300000, 0x0000000090300000| Untracked 
|  98|0x0000000090400000, 0x0000000090400000, 0x0000000090500000|  0%| F|  |TAMS 0x0000000090400000, 0x0000000090400000| Untracked 
|  99|0x0000000090500000, 0x0000000090500000, 0x0000000090600000|  0%| F|  |TAMS 0x0000000090500000, 0x0000000090500000| Untracked 
| 100|0x0000000090600000, 0x0000000090600000, 0x0000000090700000|  0%| F|  |TAMS 0x0000000090600000, 0x0000000090600000| Untracked 
| 101|0x0000000090700000, 0x0000000090700000, 0x0000000090800000|  0%| F|  |TAMS 0x0000000090700000, 0x0000000090700000| Untracked 
| 102|0x0000000090800000, 0x0000000090800000, 0x0000000090900000|  0%| F|  |TAMS 0x0000000090800000, 0x0000000090800000| Untracked 
| 103|0x0000000090900000, 0x0000000090900000, 0x0000000090a00000|  0%| F|  |TAMS 0x0000000090900000, 0x0000000090900000| Untracked 
| 104|0x0000000090a00000, 0x0000000090a00000, 0x0000000090b00000|  0%| F|  |TAMS 0x0000000090a00000, 0x0000000090a00000| Untracked 
| 105|0x0000000090b00000, 0x0000000090b00000, 0x0000000090c00000|  0%| F|  |TAMS 0x0000000090b00000, 0x0000000090b00000| Untracked 
| 106|0x0000000090c00000, 0x0000000090c00000, 0x0000000090d00000|  0%| F|  |TAMS 0x0000000090c00000, 0x0000000090c00000| Untracked 
| 107|0x0000000090d00000, 0x0000000090d00000, 0x0000000090e00000|  0%| F|  |TAMS 0x0000000090d00000, 0x0000000090d00000| Untracked 
| 108|0x0000000090e00000, 0x0000000090e00000, 0x0000000090f00000|  0%| F|  |TAMS 0x0000000090e00000, 0x0000000090e00000| Untracked 
| 109|0x0000000090f00000, 0x0000000090f00000, 0x0000000091000000|  0%| F|  |TAMS 0x0000000090f00000, 0x0000000090f00000| Untracked 
| 110|0x0000000091000000, 0x0000000091000000, 0x0000000091100000|  0%| F|  |TAMS 0x0000000091000000, 0x0000000091000000| Untracked 
| 111|0x0000000091100000, 0x0000000091100000, 0x0000000091200000|  0%| F|  |TAMS 0x0000000091100000, 0x0000000091100000| Untracked 
| 112|0x0000000091200000, 0x00000000912ec080, 0x0000000091300000| 92%| E|  |TAMS 0x0000000091200000, 0x0000000091200000| Complete 
| 113|0x0000000091300000, 0x0000000091400000, 0x0000000091400000|100%| E|CS|TAMS 0x0000000091300000, 0x0000000091300000| Complete 
| 114|0x0000000091400000, 0x0000000091500000, 0x0000000091500000|100%| E|CS|TAMS 0x0000000091400000, 0x0000000091400000| Complete 
| 115|0x0000000091500000, 0x0000000091600000, 0x0000000091600000|100%| E|CS|TAMS 0x0000000091500000, 0x0000000091500000| Complete 
| 116|0x0000000091600000, 0x0000000091700000, 0x0000000091700000|100%| E|CS|TAMS 0x0000000091600000, 0x0000000091600000| Complete 
| 117|0x0000000091700000, 0x0000000091800000, 0x0000000091800000|100%| E|CS|TAMS 0x0000000091700000, 0x0000000091700000| Complete 

Card table byte_map: [0x000001e8e92a0000,0x000001e8e9650000] _byte_map_base: 0x000001e8e8e4f000

Marking Bits (Prev, Next): (CMBitMap*) 0x000001e8d6313cd0, (CMBitMap*) 0x000001e8d6313d10
 Prev Bits: [0x000001e8e9a00000, 0x000001e8eb778000)
 Next Bits: [0x000001e8eb780000, 0x000001e8ed4f8000)

Polling page: 0x000001e8d40b0000

Metaspace:

Usage:
  Non-class:     12.29 MB used.
      Class:      1.49 MB used.
       Both:     13.78 MB used.

Virtual space:
  Non-class space:       16.00 MB reserved,      12.38 MB ( 77%) committed,  2 nodes.
      Class space:        1.00 GB reserved,       1.62 MB ( <1%) committed,  1 nodes.
             Both:        1.02 GB reserved,      14.00 MB (  1%) committed. 

Chunk freelists:
   Non-Class:  2.99 MB
       Class:  2.24 MB
        Both:  5.22 MB

MaxMetaspaceSize: unlimited
CompressedClassSpaceSize: 1.00 GB
Initial GC threshold: 21.00 MB
Current GC threshold: 21.00 MB
CDS: off
MetaspaceReclaimPolicy: balanced
 - commit_granule_bytes: 65536.
 - commit_granule_words: 8192.
 - virtual_space_node_default_size: 1048576.
 - enlarge_chunks_in_place: 1.
 - new_chunks_are_fully_committed: 0.
 - uncommit_free_chunks: 1.
 - use_allocation_guard: 0.
 - handle_deallocations: 1.


Internal statistics:

num_allocs_failed_limit: 0.
num_arena_births: 110.
num_arena_deaths: 0.
num_vsnodes_births: 3.
num_vsnodes_deaths: 0.
num_space_committed: 224.
num_space_uncommitted: 0.
num_chunks_returned_to_freelist: 0.
num_chunks_taken_from_freelist: 174.
num_chunk_merges: 0.
num_chunk_splits: 89.
num_chunks_enlarged: 40.
num_purges: 0.
num_inconsistent_stats: 0.

CodeHeap 'non-profiled nmethods': size=120000Kb used=164Kb max_used=164Kb free=119835Kb
 bounds [0x000001e8e1460000, 0x000001e8e16d0000, 0x000001e8e8990000]
CodeHeap 'profiled nmethods': size=120000Kb used=931Kb max_used=931Kb free=119068Kb
 bounds [0x000001e8d9f30000, 0x000001e8da1a0000, 0x000001e8e1460000]
CodeHeap 'non-nmethods': size=5760Kb used=1227Kb max_used=1241Kb free=4532Kb
 bounds [0x000001e8d9990000, 0x000001e8d9c00000, 0x000001e8d9f30000]
 total_blobs=1181 nmethods=641 adapters=453
 compilation: enabled
              stopped_count=0, restarted_count=0
 full_count=0

Compilation events (20 events):
Event: 0.468 Thread 0x000001e8f0c163e0  632       3       java.lang.Class::cast (27 bytes)
Event: 0.468 Thread 0x000001e8f0c163e0 nmethod 632 0x000001e8da016790 code [0x000001e8da016940, 0x000001e8da016bf8]
Event: 0.468 Thread 0x000001e8f0c163e0  637       3       java.beans.PropertyChangeSupport::fire (39 bytes)
Event: 0.469 Thread 0x000001e8f0c159f0  638       4       java.awt.Component::getTreeLock (4 bytes)
Event: 0.469 Thread 0x000001e8f0c163e0 nmethod 637 0x000001e8da016d10 code [0x000001e8da016ec0, 0x000001e8da017188]
Event: 0.469 Thread 0x000001e8f0c163e0  633       3       java.util.ArrayList::get (15 bytes)
Event: 0.469 Thread 0x000001e8f0c159f0 nmethod 638 0x000001e8e1488a90 code [0x000001e8e1488c00, 0x000001e8e1488c78]
Event: 0.469 Thread 0x000001e8f0c163e0 nmethod 633 0x000001e8da017310 code [0x000001e8da0174e0, 0x000001e8da017808]
Event: 0.469 Thread 0x000001e8f0c163e0  634       3       java.util.ArrayList::elementData (7 bytes)
Event: 0.469 Thread 0x000001e8f0c163e0 nmethod 634 0x000001e8da017990 code [0x000001e8da017b20, 0x000001e8da017c58]
Event: 0.469 Thread 0x000001e8f0c163e0  635       1       java.awt.Component::isVisible_NoClientCode (5 bytes)
Event: 0.469 Thread 0x000001e8f0c163e0 nmethod 635 0x000001e8e1488d90 code [0x000001e8e1488f20, 0x000001e8e1488ff8]
Event: 0.469 Thread 0x000001e8f0c163e0  636  s    3       java.beans.ChangeListenerMap::get (25 bytes)
Event: 0.469 Thread 0x000001e8f0c163e0 nmethod 636 0x000001e8da017d10 code [0x000001e8da017ec0, 0x000001e8da018288]
Event: 0.469 Thread 0x000001e8f0c163e0  640       3       java.awt.Component::isValid (20 bytes)
Event: 0.469 Thread 0x000001e8f0c163e0 nmethod 640 0x000001e8da018390 code [0x000001e8da018520, 0x000001e8da0186d8]
Event: 0.469 Thread 0x000001e8f0c163e0  639       1       java.util.concurrent.locks.AbstractOwnableSynchronizer::getExclusiveOwnerThread (5 bytes)
Event: 0.469 Thread 0x000001e8f0c163e0 nmethod 639 0x000001e8e1489090 code [0x000001e8e1489220, 0x000001e8e14892f8]
Event: 0.470 Thread 0x000001e8f0c163e0  641       3       java.util.ArrayList::<init> (12 bytes)
Event: 0.470 Thread 0x000001e8f0c163e0 nmethod 641 0x000001e8da018790 code [0x000001e8da018940, 0x000001e8da018bd8]

GC Heap History (0 events):
No events

Deoptimization events (8 events):
Event: 0.455 Thread 0x000001e8d62bc190 DEOPT PACKING pc=0x000001e8d9f47467 sp=0x00000017135fc7e0
Event: 0.455 Thread 0x000001e8d62bc190 DEOPT UNPACKING pc=0x000001e8d99e2b43 sp=0x00000017135fbc00 mode 0
Event: 0.464 Thread 0x000001e8d62bc190 Uncommon trap: trap_request=0xffffff45 fr.pc=0x000001e8e14842f0 relative=0x00000000000004b0
Event: 0.464 Thread 0x000001e8d62bc190 Uncommon trap: reason=unstable_if action=reinterpret pc=0x000001e8e14842f0 method=java.lang.StringLatin1.replace([BCC)Ljava/lang/String; @ 19 c2
Event: 0.464 Thread 0x000001e8d62bc190 DEOPT PACKING pc=0x000001e8e14842f0 sp=0x00000017135fe500
Event: 0.464 Thread 0x000001e8d62bc190 DEOPT UNPACKING pc=0x000001e8d99e23a3 sp=0x00000017135fe480 mode 2
Event: 0.464 Thread 0x000001e8d62bc190 DEOPT PACKING pc=0x000001e8d9f467d1 sp=0x00000017135fe3b0
Event: 0.464 Thread 0x000001e8d62bc190 DEOPT UNPACKING pc=0x000001e8d99e2b43 sp=0x00000017135fd828 mode 0

Classes unloaded (0 events):
No events

Classes redefined (0 events):
No events

Internal exceptions (12 events):
Event: 0.130 Thread 0x000001e8d62bc190 Exception <a 'java/lang/ClassNotFoundException'{0x0000000091645cf0}: sun/awt/resources/spi/awtProvider> (0x0000000091645cf0) 
thrown [s\src\hotspot\share\classfile\systemDictionary.cpp, line 256]
Event: 0.154 Thread 0x000001e8d62bc190 Exception <a 'java/io/FileNotFoundException'{0x00000000916a0670}> (0x00000000916a0670) 
thrown [s\src\hotspot\share\prims\jni.cpp, line 516]
Event: 0.160 Thread 0x000001e8d62bc190 Exception <a 'java/io/FileNotFoundException'{0x00000000916cd5e8}> (0x00000000916cd5e8) 
thrown [s\src\hotspot\share\prims\jni.cpp, line 516]
Event: 0.200 Thread 0x000001e8d62bc190 Exception <a 'java/lang/NoSuchMethodError'{0x000000009151ed90}: 'java.lang.Object java.lang.invoke.DirectMethodHandle$Holder.invokeStaticInit(java.lang.Object)'> (0x000000009151ed90) 
thrown [s\src\hotspot\share\interpreter\linkResolver.cpp, line 759]
Event: 0.313 Thread 0x000001e8d62bc190 Exception <a 'java/lang/NoSuchMethodError'{0x0000000091569df8}: 'void java.lang.invoke.DirectMethodHandle$Holder.invokeSpecial(java.lang.Object, java.lang.Object, java.lang.Object)'> (0x0000000091569df8) 
thrown [s\src\hotspot\share\interpreter\linkResolver.cpp, line 759]
Event: 0.321 Thread 0x000001e8d62bc190 Exception <a 'java/lang/NoSuchMethodError'{0x000000009140a4e8}: 'java.lang.Object java.lang.invoke.DirectMethodHandle$Holder.newInvokeSpecial(java.lang.Object, java.lang.Object, java.lang.Object, java.lang.Object, java.lang.Object)'> (0x000000009140a4e8) 
thrown [s\src\hotspot\share\interpreter\linkResolver.cpp, line 759]
Event: 0.322 Thread 0x000001e8d62bc190 Exception <a 'java/lang/NoSuchMethodError'{0x0000000091415eb0}: 'java.lang.Object java.lang.invoke.DirectMethodHandle$Holder.invokeStatic(java.lang.Object, int, java.lang.Object, java.lang.Object, java.lang.Object, java.lang.Object)'> (0x0000000091415eb0) 
thrown [s\src\hotspot\share\interpreter\linkResolver.cpp, line 759]
Event: 0.325 Thread 0x000001e8d62bc190 Exception <a 'java/lang/NoSuchMethodError'{0x000000009143b670}: 'java.lang.Object java.lang.invoke.DirectMethodHandle$Holder.invokeStatic(java.lang.Object, int, java.lang.Object)'> (0x000000009143b670) 
thrown [s\src\hotspot\share\interpreter\linkResolver.cpp, line 759]
Event: 0.343 Thread 0x000001e8d62bc190 Exception <a 'java/lang/ClassNotFoundException'{0x00000000914f3760}: com/sun/swing/internal/plaf/metal/resources/spi/metalProvider> (0x00000000914f3760) 
thrown [s\src\hotspot\share\classfile\systemDictionary.cpp, line 256]
Event: 0.344 Thread 0x000001e8d62bc190 Exception <a 'java/lang/ClassNotFoundException'{0x00000000914f75e8}: com/sun/swing/internal/plaf/basic/resources/spi/basicProvider> (0x00000000914f75e8) 
thrown [s\src\hotspot\share\classfile\systemDictionary.cpp, line 256]
Event: 0.423 Thread 0x000001e8f1093fb0 Exception <a 'java/lang/NoSuchMethodError'{0x0000000091585dd8}: 'void java.lang.invoke.DirectMethodHandle$Holder.invokeVirtual(java.lang.Object, java.lang.Object)'> (0x0000000091585dd8) 
thrown [s\src\hotspot\share\interpreter\linkResolver.cpp, line 759]
Event: 0.436 Thread 0x000001e8d62bc190 Exception <a 'java/lang/NoSuchMethodError'{0x0000000091225920}: 'void java.lang.invoke.DirectMethodHandle$Holder.invokeStaticInit(java.lang.Object)'> (0x0000000091225920) 
thrown [s\src\hotspot\share\interpreter\linkResolver.cpp, line 759]

VM Operations (8 events):
Event: 0.343 Executing VM operation: HandshakeAllThreads
Event: 0.343 Executing VM operation: HandshakeAllThreads done
Event: 0.355 Executing VM operation: HandshakeAllThreads
Event: 0.355 Executing VM operation: HandshakeAllThreads done
Event: 0.390 Executing VM operation: HandshakeAllThreads
Event: 0.390 Executing VM operation: HandshakeAllThreads done
Event: 0.455 Executing VM operation: HandshakeAllThreads
Event: 0.455 Executing VM operation: HandshakeAllThreads done

Events (20 events):
Event: 0.470 loading class sun/font/FontDesignMetrics done
Event: 0.470 loading class sun/font/FontDesignMetrics$MetricsKey
Event: 0.470 loading class sun/font/FontDesignMetrics$MetricsKey done
Event: 0.470 loading class sun/font/FontStrikeDesc
Event: 0.470 loading class sun/font/FontStrikeDesc done
Event: 0.470 loading class sun/font/CompositeStrike
Event: 0.470 loading class sun/font/CompositeStrike done
Event: 0.470 loading class sun/font/FontStrikeDisposer
Event: 0.471 loading class sun/java2d/Disposer$PollDisposable
Event: 0.471 loading class sun/java2d/Disposer$PollDisposable done
Event: 0.471 loading class sun/font/FontStrikeDisposer done
Event: 0.471 loading class sun/font/StrikeCache$SoftDisposerRef
Event: 0.471 loading class sun/font/StrikeCache$DisposableStrike
Event: 0.471 loading class sun/font/StrikeCache$DisposableStrike done
Event: 0.471 loading class sun/font/StrikeCache$SoftDisposerRef done
Event: 0.471 loading class sun/font/TrueTypeFont$TTDisposerRecord
Event: 0.471 loading class sun/font/TrueTypeFont$TTDisposerRecord done
Event: 0.471 loading class sun/font/TrueTypeFont$1
Event: 0.471 loading class sun/font/TrueTypeFont$1 done
Event: 0.471 loading class java/io/RandomAccessFile


Dynamic libraries:
0x00007ff6f1190000 - 0x00007ff6f119e000 	C:\Users\Admin\.p2\pool\plugins\org.eclipse.justj.openjdk.hotspot.jre.full.win32.x86_64_17.0.4.v20220805-1047\jre\bin\javaw.exe
0x00007ffc72ef0000 - 0x00007ffc730e8000 	C:\Windows\SYSTEM32\ntdll.dll
0x00007ffc72000000 - 0x00007ffc720bf000 	C:\Windows\System32\KERNEL32.DLL
0x00007ffc70860000 - 0x00007ffc70b3a000 	C:\Windows\System32\KERNELBASE.dll
0x00007ffc70760000 - 0x00007ffc70860000 	C:\Windows\System32\ucrtbase.dll
0x00007ffc57c70000 - 0x00007ffc57c89000 	C:\Users\Admin\.p2\pool\plugins\org.eclipse.justj.openjdk.hotspot.jre.full.win32.x86_64_17.0.4.v20220805-1047\jre\bin\VCRUNTIME140.dll
0x00007ffc58e20000 - 0x00007ffc58e38000 	C:\Users\Admin\.p2\pool\plugins\org.eclipse.justj.openjdk.hotspot.jre.full.win32.x86_64_17.0.4.v20220805-1047\jre\bin\jli.dll
0x00007ffc715e0000 - 0x00007ffc7177d000 	C:\Windows\System32\USER32.dll
0x00007ffc70f20000 - 0x00007ffc70f42000 	C:\Windows\System32\win32u.dll
0x00007ffc69790000 - 0x00007ffc69a2a000 	C:\Windows\WinSxS\amd64_microsoft.windows.common-controls_6595b64144ccf1df_6.0.19041.1110_none_60b5254171f9507e\COMCTL32.dll
0x00007ffc70f50000 - 0x00007ffc70f7b000 	C:\Windows\System32\GDI32.dll
0x00007ffc71540000 - 0x00007ffc715de000 	C:\Windows\System32\msvcrt.dll
0x00007ffc70d60000 - 0x00007ffc70e70000 	C:\Windows\System32\gdi32full.dll
0x00007ffc70c00000 - 0x00007ffc70c9d000 	C:\Windows\System32\msvcp_win.dll
0x00007ffc72e20000 - 0x00007ffc72e50000 	C:\Windows\System32\IMM32.DLL
0x00007ffc66810000 - 0x00007ffc6681c000 	C:\Users\Admin\.p2\pool\plugins\org.eclipse.justj.openjdk.hotspot.jre.full.win32.x86_64_17.0.4.v20220805-1047\jre\bin\vcruntime140_1.dll
0x00007ffc51470000 - 0x00007ffc51501000 	C:\Users\Admin\.p2\pool\plugins\org.eclipse.justj.openjdk.hotspot.jre.full.win32.x86_64_17.0.4.v20220805-1047\jre\bin\msvcp140.dll
0x00007ffc36e30000 - 0x00007ffc37a76000 	C:\Users\Admin\.p2\pool\plugins\org.eclipse.justj.openjdk.hotspot.jre.full.win32.x86_64_17.0.4.v20220805-1047\jre\bin\server\jvm.dll
0x00007ffc71020000 - 0x00007ffc710ce000 	C:\Windows\System32\ADVAPI32.dll
0x00007ffc70f80000 - 0x00007ffc7101c000 	C:\Windows\System32\sechost.dll
0x00007ffc71410000 - 0x00007ffc71536000 	C:\Windows\System32\RPCRT4.dll
0x00007ffc72950000 - 0x00007ffc72958000 	C:\Windows\System32\PSAPI.DLL
0x00007ffc6af20000 - 0x00007ffc6af29000 	C:\Windows\SYSTEM32\WSOCK32.dll
0x00007ffc72b40000 - 0x00007ffc72bab000 	C:\Windows\System32\WS2_32.dll
0x00007ffc62d00000 - 0x00007ffc62d0a000 	C:\Windows\SYSTEM32\VERSION.dll
0x00007ffc62d10000 - 0x00007ffc62d37000 	C:\Windows\SYSTEM32\WINMM.dll
0x00007ffc6e4a0000 - 0x00007ffc6e4b2000 	C:\Windows\SYSTEM32\kernel.appcore.dll
0x00007ffc6af40000 - 0x00007ffc6af4a000 	C:\Users\Admin\.p2\pool\plugins\org.eclipse.justj.openjdk.hotspot.jre.full.win32.x86_64_17.0.4.v20220805-1047\jre\bin\jimage.dll
0x00007ffc67430000 - 0x00007ffc67614000 	C:\Windows\SYSTEM32\DBGHELP.DLL
0x00007ffc66b50000 - 0x00007ffc66b84000 	C:\Windows\SYSTEM32\dbgcore.DLL
0x00007ffc70b70000 - 0x00007ffc70bf2000 	C:\Windows\System32\bcryptPrimitives.dll
0x00007ffc5ac70000 - 0x00007ffc5ac95000 	C:\Users\Admin\.p2\pool\plugins\org.eclipse.justj.openjdk.hotspot.jre.full.win32.x86_64_17.0.4.v20220805-1047\jre\bin\java.dll
0x00007ffc696d0000 - 0x00007ffc696e8000 	C:\Users\Admin\.p2\pool\plugins\org.eclipse.justj.openjdk.hotspot.jre.full.win32.x86_64_17.0.4.v20220805-1047\jre\bin\zip.dll
0x00007ffc720c0000 - 0x00007ffc72804000 	C:\Windows\System32\SHELL32.dll
0x00007ffc6e6c0000 - 0x00007ffc6ee53000 	C:\Windows\SYSTEM32\windows.storage.dll
0x00007ffc71ca0000 - 0x00007ffc71ff4000 	C:\Windows\System32\combase.dll
0x00007ffc70010000 - 0x00007ffc7003e000 	C:\Windows\SYSTEM32\Wldp.dll
0x00007ffc710d0000 - 0x00007ffc7117d000 	C:\Windows\System32\SHCORE.dll
0x00007ffc72e50000 - 0x00007ffc72ea5000 	C:\Windows\System32\shlwapi.dll
0x00007ffc70540000 - 0x00007ffc7055f000 	C:\Windows\SYSTEM32\profapi.dll
0x00007ffc3e6c0000 - 0x00007ffc3e84e000 	C:\Users\Admin\.p2\pool\plugins\org.eclipse.justj.openjdk.hotspot.jre.full.win32.x86_64_17.0.4.v20220805-1047\jre\bin\awt.dll
0x00007ffc72d40000 - 0x00007ffc72e0d000 	C:\Windows\System32\OLEAUT32.dll
0x00007ffc6df20000 - 0x00007ffc6dfb0000 	C:\Windows\SYSTEM32\apphelp.dll
0x00007ffc6e1b0000 - 0x00007ffc6e1df000 	C:\Windows\system32\DWMAPI.DLL
0x00007ffc6dfd0000 - 0x00007ffc6e06e000 	C:\Windows\system32\uxtheme.dll
0x00007ffc3bbb0000 - 0x00007ffc3bcd5000 	C:\Windows\system32\opengl32.dll
0x00007ffc57170000 - 0x00007ffc5719c000 	C:\Windows\SYSTEM32\GLU32.dll
0x00007ffc729c0000 - 0x00007ffc72ad4000 	C:\Windows\System32\MSCTF.dll
0x00007ffc72810000 - 0x00007ffc7293a000 	C:\Windows\System32\ole32.dll
0x00007ffc41bd0000 - 0x00007ffc41d9d000 	C:\Windows\system32\d3d9.dll
0x00007ffc62d40000 - 0x00007ffc62f1b000 	C:\Windows\System32\DriverStore\FileRepository\u0365903.inf_amd64_b4e8048644ad8575\B364393\aticfx64.dll
0x00007ffc431d0000 - 0x00007ffc43203000 	C:\Windows\System32\DriverStore\FileRepository\u0365903.inf_amd64_b4e8048644ad8575\B364393\atiu9p64.dll
0x00007ffc37f80000 - 0x00007ffc38c8c000 	C:\Windows\System32\DriverStore\FileRepository\u0365903.inf_amd64_b4e8048644ad8575\B364393\atiumd64.dll
0x0000000073730000 - 0x00000000745f0000 	C:\Windows\System32\DriverStore\FileRepository\u0365903.inf_amd64_b4e8048644ad8575\B364393\atiumd6a.dll
0x00007ffc70b40000 - 0x00007ffc70b67000 	C:\Windows\System32\bcrypt.dll
0x00007ffc70040000 - 0x00007ffc7008b000 	C:\Windows\SYSTEM32\POWRPROF.dll
0x00007ffc6fff0000 - 0x00007ffc70002000 	C:\Windows\SYSTEM32\UMPDC.dll
0x00007ffc60c40000 - 0x00007ffc60c6f000 	C:\Windows\SYSTEM32\amdihk64.dll
0x00007ffc63270000 - 0x00007ffc632ab000 	C:\Windows\SYSTEM32\dxcore.dll
0x00007ffc70ca0000 - 0x00007ffc70cee000 	C:\Windows\System32\cfgmgr32.dll
0x00007ffc4eb40000 - 0x00007ffc4ebc6000 	C:\Users\Admin\.p2\pool\plugins\org.eclipse.justj.openjdk.hotspot.jre.full.win32.x86_64_17.0.4.v20220805-1047\jre\bin\freetype.dll
0x00007ffc42fb0000 - 0x00007ffc43058000 	C:\Users\Admin\.p2\pool\plugins\org.eclipse.justj.openjdk.hotspot.jre.full.win32.x86_64_17.0.4.v20220805-1047\jre\bin\fontmanager.dll

dbghelp: loaded successfully - version: 4.0.5 - missing functions: none
symbol engine: initialized successfully - sym options: 0x614 - pdb path: .;C:\Users\Admin\.p2\pool\plugins\org.eclipse.justj.openjdk.hotspot.jre.full.win32.x86_64_17.0.4.v20220805-1047\jre\bin;C:\Windows\SYSTEM32;C:\Windows\WinSxS\amd64_microsoft.windows.common-controls_6595b64144ccf1df_6.0.19041.1110_none_60b5254171f9507e;C:\Users\Admin\.p2\pool\plugins\org.eclipse.justj.openjdk.hotspot.jre.full.win32.x86_64_17.0.4.v20220805-1047\jre\bin\server;C:\Windows\System32\DriverStore\FileRepository\u0365903.inf_amd64_b4e8048644ad8575\B364393

VM Arguments:
jvm_args: -Dfile.encoding=UTF-8 -XX:+ShowCodeDetailsInExceptionMessages 
java_command: Main
java_class_path (initial): C:\Users\Admin\Documents\School\2nd Sem\CCS103 - Computer Programming\SchoolWorkspace\Finals - Week 13-14 - Lab Activity\bin
Launcher Type: SUN_STANDARD

[Global flags]
     intx CICompilerCount                          = 4                                         {product} {ergonomic}
     uint ConcGCThreads                            = 3                                         {product} {ergonomic}
     uint G1ConcRefinementThreads                  = 10                                        {product} {ergonomic}
   size_t G1HeapRegionSize                         = 1048576                                   {product} {ergonomic}
    uintx GCDrainStackTargetSize                   = 64                                        {product} {ergonomic}
   size_t InitialHeapSize                          = 123731968                                 {product} {ergonomic}
   size_t MarkStackSize                            = 4194304                                   {product} {ergonomic}
   size_t MaxHeapSize                              = 1977614336                                {product} {ergonomic}
   size_t MaxNewSize                               = 1185939456                                {product} {ergonomic}
   size_t MinHeapDeltaBytes                        = 1048576                                   {product} {ergonomic}
   size_t MinHeapSize                              = 8388608                                   {product} {ergonomic}
    uintx NonNMethodCodeHeapSize                   = 5839372                                {pd product} {ergonomic}
    uintx NonProfiledCodeHeapSize                  = 122909434                              {pd product} {ergonomic}
    uintx ProfiledCodeHeapSize                     = 122909434                              {pd product} {ergonomic}
    uintx ReservedCodeCacheSize                    = 251658240                              {pd product} {ergonomic}
     bool SegmentedCodeCache                       = true                                      {product} {ergonomic}
     bool ShowCodeDetailsInExceptionMessages       = true                                   {manageable} {command line}
   size_t SoftMaxHeapSize                          = 1977614336                             {manageable} {ergonomic}
     bool UseCompressedClassPointers               = true                           {product lp64_product} {ergonomic}
     bool UseCompressedOops                        = true                           {product lp64_product} {ergonomic}
     bool UseG1GC                                  = true                                      {product} {ergonomic}
     bool UseLargePagesIndividualAllocation        = false                                  {pd product} {ergonomic}

Logging:
Log output configuration:
 #0: stdout all=warning uptime,level,tags
 #1: stderr all=off uptime,level,tags

Environment Variables:
JAVA_HOME=C:\Program Files\Java\jdk-18.0.2
PATH=C:/Users/Admin/.p2/pool/plugins/org.eclipse.justj.openjdk.hotspot.jre.full.win32.x86_64_17.0.4.v20220805-1047/jre/bin/server;C:/Users/Admin/.p2/pool/plugins/org.eclipse.justj.openjdk.hotspot.jre.full.win32.x86_64_17.0.4.v20220805-1047/jre/bin;C:\Program Files\Eclipse Adoptium\jdk-17.0.4.101-hotspot\bin;C:\Program Files\Common Files\Oracle\Java\javapath;C:\Windows\system32;C:\Windows;C:\Windows\System32\Wbem;C:\Windows\System32\WindowsPowerShell\v1.0\;C:\Windows\System32\OpenSSH\;C:\Program Files\Git\cmd;C:\Program Files\MongoDB\Server\6.0\bin;C:\Program Files\Java\jdk-18.0.2\bin;C:\Program Files\dotnet\;C:\Users\Admin\AppData\Roaming\nvm;C:\Program Files\nodejs;C:\Program Files\nodejs\;C:\Program Files\MySQL\MySQL Shell 8.0\bin\;C:\Users\Admin\AppData\Local\Programs\Python\Python310\Scripts\;C:\Users\Admin\AppData\Local\Programs\Python\Python310\;C:\Users\Admin\AppData\Local\Microsoft\WindowsApps;C:\Users\Admin\AppData\Local\Programs\Microsoft VS Code\bin;C:\Program Files\heroku\bin;C:\Users\Admin\AppData\Roaming\nvm;C:\Users\Admin\AppData\Roaming\npm;C:\adb;C:\Program Files\MySQL\MySQL Shell 8.0\bin\;C:\Users\Admin\AppData\Local\Programs\Python\Python310\Scripts\;C:\Users\Admin\AppData\Local\Programs\Python\Python310\;C:\Users\Admin\AppData\Local\Microsoft\WindowsApps;C:\Users\Admin\AppData\Local\Programs\Microsoft VS Code\bin;C:\Program Files\heroku\bin;C:\Users\Admin\AppData\Roaming\nvm;C:\Program Files\nodejs;C:\Users\Admin\AppData\Roaming\npm;C:\Windows\System32;
USERNAME=Admin
OS=Windows_NT
PROCESSOR_IDENTIFIER=AMD64 Family 23 Model 104 Stepping 1, AuthenticAMD
TMP=C:\Users\Admin\AppData\Local\Temp
TEMP=C:\Users\Admin\AppData\Local\Temp



---------------  S Y S T E M  ---------------

OS:
 Windows 10 , 64 bit Build 19041 (10.0.19041.2788)
OS uptime: 16 days 22:43 hours

CPU: total 12 (initial active 12) (12 cores per cpu, 2 threads per core) family 23 model 104 stepping 1 microcode 0x0, cx8, cmov, fxsr, ht, mmx, 3dnowpref, sse, sse2, sse3, ssse3, sse4a, sse4.1, sse4.2, popcnt, lzcnt, tsc, tscinvbit, avx, avx2, aes, clmul, bmi1, bmi2, adx, sha, fma, vzeroupper, clflush, clflushopt

Memory: 4k page, system-wide physical 7541M (877M free)
TotalPageFile size 31093M (AvailPageFile size 1M)
current process WorkingSet (physical memory assigned to process): 70M, peak: 70M
current process commit charge ("private bytes"): 232M, peak: 232M

vm_info: OpenJDK 64-Bit Server VM (17.0.4+8) for windows-amd64 JRE (17.0.4+8), built on Jul 19 2022 16:05:16 by "temurin" with MS VC++ 16.7 (VS2019)

END.
