#
# There is insufficient memory for the Java Runtime Environment to continue.
# Native memory allocation (mmap) failed to map 65536 bytes for Failed to commit metaspace.
# Possible reasons:
#   The system is out of physical RAM or swap space
#   The process is running with CompressedOops enabled, and the Java Heap may be blocking the growth of the native heap
# Possible solutions:
#   Reduce memory load on the system
#   Increase physical memory or swap space
#   Check if swap backing store is full
#   Decrease Java heap size (-Xmx/-Xms)
#   Decrease number of Java threads
#   Decrease Java thread stack sizes (-Xss)
#   Set larger code cache with -XX:ReservedCodeCacheSize=
#   JVM is running with Unscaled Compressed Oops mode in which the Java heap is
#     placed in the first 4GB address space. The Java Heap base address is the
#     maximum limit for the native heap growth. Please use -XX:HeapBaseMinAddress
#     to set the Java Heap base and to place the Java Heap above 4GB virtual address.
# This output file may be truncated or incomplete.
#
#  Out of Memory Error (virtualSpaceNode.cpp:110), pid=31700, tid=19308
#
# JRE version: OpenJDK Runtime Environment Temurin-17.0.4+8 (17.0.4+8) (build 17.0.4+8)
# Java VM: OpenJDK 64-Bit Server VM Temurin-17.0.4+8 (17.0.4+8, mixed mode, tiered, compressed oops, compressed class ptrs, g1 gc, windows-amd64)
# No core dump will be written. Minidumps are not enabled by default on client versions of Windows
#

---------------  S U M M A R Y ------------

Command Line: -Dfile.encoding=UTF-8 -XX:+ShowCodeDetailsInExceptionMessages Main

Host: AMD Ryzen 5 5500U with Radeon Graphics         , 12 cores, 7G,  Windows 10 , 64 bit Build 19041 (10.0.19041.2788)
Time: Wed May 10 15:49:36 2023 Taipei Standard Time elapsed time: 0.386838 seconds (0d 0h 0m 0s)

---------------  T H R E A D  ---------------

Current thread (0x000002649514cc00):  JavaThread "main" [_thread_in_vm, id=19308, stack(0x000000d6bfd00000,0x000000d6bfe00000)]

Stack: [0x000000d6bfd00000,0x000000d6bfe00000]
Native frames: (J=compiled Java code, j=interpreted, Vv=VM code, C=native code)
V  [jvm.dll+0x67733a]
V  [jvm.dll+0x8323c4]
V  [jvm.dll+0x833b6e]
V  [jvm.dll+0x8341d3]
V  [jvm.dll+0x2455e5]
V  [jvm.dll+0x82e36b]
V  [jvm.dll+0x61be16]
V  [jvm.dll+0x61be7a]
V  [jvm.dll+0x61e69a]
V  [jvm.dll+0x61c7b6]
V  [jvm.dll+0x1e8547]
V  [jvm.dll+0x1eb353]
V  [jvm.dll+0x1e0841]
V  [jvm.dll+0x53c8f0]
V  [jvm.dll+0x1f1037]
V  [jvm.dll+0x7ac5bb]
V  [jvm.dll+0x7ad962]
V  [jvm.dll+0x7adc98]
V  [jvm.dll+0x23d9ee]
V  [jvm.dll+0x37f27e]
C  0x000002649a01b6e4

Java frames: (J=compiled Java code, j=interpreted, Vv=VM code)
j  javax.swing.text.DefaultEditorKit.<clinit>()V+662 java.desktop@17.0.4
v  ~StubRoutines::call_stub
j  javax.swing.plaf.basic.BasicTextUI.<clinit>()V+11 java.desktop@17.0.4
v  ~StubRoutines::call_stub
j  java.lang.Class.forName0(Ljava/lang/String;ZLjava/lang/ClassLoader;Ljava/lang/Class;)Ljava/lang/Class;+0 java.base@17.0.4
j  java.lang.Class.forName(Ljava/lang/String;ZLjava/lang/ClassLoader;)Ljava/lang/Class;+43 java.base@17.0.4
j  javax.swing.SwingUtilities.loadSystemClass(Ljava/lang/String;)Ljava/lang/Class;+12 java.desktop@17.0.4
j  javax.swing.UIDefaults.getUIClass(Ljava/lang/String;Ljava/lang/ClassLoader;)Ljava/lang/Class;+37 java.desktop@17.0.4
j  javax.swing.UIDefaults.getUI(Ljavax/swing/JComponent;)Ljavax/swing/plaf/ComponentUI;+32 java.desktop@17.0.4
j  javax.swing.UIManager.getUI(Ljavax/swing/JComponent;)Ljavax/swing/plaf/ComponentUI;+37 java.desktop@17.0.4
j  javax.swing.text.JTextComponent.updateUI()V+2 java.desktop@17.0.4
j  javax.swing.text.JTextComponent.<init>()V+62 java.desktop@17.0.4
j  javax.swing.JTextField.<init>(Ljavax/swing/text/Document;Ljava/lang/String;I)V+1 java.desktop@17.0.4
j  javax.swing.JTextField.<init>(Ljava/lang/String;I)V+4 java.desktop@17.0.4
j  javax.swing.plaf.basic.BasicComboBoxEditor$BorderlessTextField.<init>(Ljava/lang/String;I)V+3 java.desktop@17.0.4
j  javax.swing.plaf.basic.BasicComboBoxEditor.createEditorComponent()Ljavax/swing/JTextField;+8 java.desktop@17.0.4
j  javax.swing.plaf.basic.BasicComboBoxEditor.<init>()V+6 java.desktop@17.0.4
j  javax.swing.plaf.metal.MetalComboBoxEditor.<init>()V+1 java.desktop@17.0.4
j  javax.swing.plaf.metal.MetalComboBoxEditor$UIResource.<init>()V+1 java.desktop@17.0.4
j  javax.swing.plaf.metal.MetalComboBoxUI.createEditor()Ljavax/swing/ComboBoxEditor;+4 java.desktop@17.0.4
j  javax.swing.plaf.basic.BasicComboBoxUI.installUI(Ljavax/swing/JComponent;)V+135 java.desktop@17.0.4
j  javax.swing.JComponent.setUI(Ljavax/swing/plaf/ComponentUI;)V+52 java.desktop@17.0.4
j  javax.swing.JComboBox.setUI(Ljavax/swing/plaf/ComboBoxUI;)V+2 java.desktop@17.0.4
j  javax.swing.JComboBox.updateUI()V+20 java.desktop@17.0.4
j  javax.swing.JComboBox.init()V+15 java.desktop@17.0.4
j  javax.swing.JComboBox.<init>([Ljava/lang/Object;)V+61 java.desktop@17.0.4
j  Main.<init>()V+1858
j  Main.main([Ljava/lang/String;)V+3
v  ~StubRoutines::call_stub

---------------  P R O C E S S  ---------------

Threads class SMR info:
_java_thread_list=0x00000264b206b5e0, length=16, elements={
0x000002649514cc00, 0x00000264b1813020, 0x00000264b0f8e250, 0x00000264b0fc3420,
0x00000264b0fc3dd0, 0x00000264b0fc4780, 0x00000264b182f420, 0x00000264b1833b20,
0x00000264b1834830, 0x00000264b1837230, 0x00000264b19adbb0, 0x00000264b19b0bd0,
0x00000264b19ad210, 0x00000264b19ad6e0, 0x00000264b19af890, 0x00000264b19ae080
}

Java Threads: ( => current thread )
=>0x000002649514cc00 JavaThread "main" [_thread_in_vm, id=19308, stack(0x000000d6bfd00000,0x000000d6bfe00000)]
  0x00000264b1813020 JavaThread "Reference Handler" daemon [_thread_blocked, id=31064, stack(0x000000d6c0400000,0x000000d6c0500000)]
  0x00000264b0f8e250 JavaThread "Finalizer" daemon [_thread_blocked, id=31468, stack(0x000000d6c0500000,0x000000d6c0600000)]
  0x00000264b0fc3420 JavaThread "Signal Dispatcher" daemon [_thread_blocked, id=31608, stack(0x000000d6c0600000,0x000000d6c0700000)]
  0x00000264b0fc3dd0 JavaThread "Attach Listener" daemon [_thread_blocked, id=5588, stack(0x000000d6c0700000,0x000000d6c0800000)]
  0x00000264b0fc4780 JavaThread "Service Thread" daemon [_thread_blocked, id=32088, stack(0x000000d6c0800000,0x000000d6c0900000)]
  0x00000264b182f420 JavaThread "Monitor Deflation Thread" daemon [_thread_blocked, id=31184, stack(0x000000d6c0900000,0x000000d6c0a00000)]
  0x00000264b1833b20 JavaThread "C2 CompilerThread0" daemon [_thread_blocked, id=31176, stack(0x000000d6c0a00000,0x000000d6c0b00000)]
  0x00000264b1834830 JavaThread "C1 CompilerThread0" daemon [_thread_blocked, id=31180, stack(0x000000d6c0b00000,0x000000d6c0c00000)]
  0x00000264b1837230 JavaThread "Sweeper thread" daemon [_thread_blocked, id=31152, stack(0x000000d6c0c00000,0x000000d6c0d00000)]
  0x00000264b19adbb0 JavaThread "Notification Thread" daemon [_thread_blocked, id=31716, stack(0x000000d6c0d00000,0x000000d6c0e00000)]
  0x00000264b19b0bd0 JavaThread "Common-Cleaner" daemon [_thread_blocked, id=31172, stack(0x000000d6c0f00000,0x000000d6c1000000)]
  0x00000264b19ad210 JavaThread "Java2D Disposer" daemon [_thread_blocked, id=11292, stack(0x000000d6c1000000,0x000000d6c1100000)]
  0x00000264b19ad6e0 JavaThread "AWT-Shutdown" [_thread_blocked, id=31188, stack(0x000000d6c1100000,0x000000d6c1200000)]
  0x00000264b19af890 JavaThread "AWT-Windows" daemon [_thread_in_native, id=31644, stack(0x000000d6c1200000,0x000000d6c1300000)]
  0x00000264b19ae080 JavaThread "AWT-EventQueue-0" [_thread_blocked, id=31672, stack(0x000000d6c1500000,0x000000d6c1600000)]

Other Threads:
  0x00000264b0f868e0 VMThread "VM Thread" [stack: 0x000000d6c0300000,0x000000d6c0400000] [id=31768]
  0x00000264951dce00 WatcherThread [stack: 0x000000d6c0e00000,0x000000d6c0f00000] [id=31112]
  0x00000264951a2f30 GCTaskThread "GC Thread#0" [stack: 0x000000d6bfe00000,0x000000d6bff00000] [id=31424]
  0x00000264951cf750 ConcurrentGCThread "G1 Main Marker" [stack: 0x000000d6bff00000,0x000000d6c0000000] [id=1300]
  0x00000264951d1570 ConcurrentGCThread "G1 Conc#0" [stack: 0x000000d6c0000000,0x000000d6c0100000] [id=17184]
  0x00000264b0df84e0 ConcurrentGCThread "G1 Refine#0" [stack: 0x000000d6c0100000,0x000000d6c0200000] [id=31844]
  0x00000264b0df8d10 ConcurrentGCThread "G1 Service" [stack: 0x000000d6c0200000,0x000000d6c0300000] [id=19864]

Threads with active compile tasks:

VM state: not at safepoint (normal execution)

VM Mutex/Monitor currently owned by a thread:  ([mutex/lock_event])
[0x0000026494f49e90] Metaspace_lock - owner thread: 0x000002649514cc00

Heap address: 0x000000008a200000, size: 1886 MB, Compressed Oops mode: 32-bit

CDS archive(s) not mapped
Compressed class space mapped at: 0x0000000100000000-0x0000000140000000, reserved size: 1073741824
Narrow klass base: 0x0000000000000000, Narrow klass shift: 3, Narrow klass range: 0x140000000

GC Precious Log:
 CPUs: 12 total, 12 available
 Memory: 7541M
 Large Page Support: Disabled
 NUMA Support: Disabled
 Compressed Oops: Enabled (32-bit)
 Heap Region Size: 1M
 Heap Min Capacity: 8M
 Heap Initial Capacity: 118M
 Heap Max Capacity: 1886M
 Pre-touch: Disabled
 Parallel Workers: 10
 Concurrent Workers: 3
 Concurrent Refinement Workers: 10
 Periodic GC: Disabled

Heap:
 garbage-first heap   total 120832K, used 4096K [0x000000008a200000, 0x0000000100000000)
  region size 1024K, 5 young (5120K), 0 survivors (0K)
 Metaspace       used 11657K, committed 11776K, reserved 1064960K
  class space    used 1202K, committed 1280K, reserved 1048576K

Heap Regions: E=young(eden), S=young(survivor), O=old, HS=humongous(starts), HC=humongous(continues), CS=collection set, F=free, OA=open archive, CA=closed archive, TAMS=top-at-mark-start (previous, next)
|   0|0x000000008a200000, 0x000000008a200000, 0x000000008a300000|  0%| F|  |TAMS 0x000000008a200000, 0x000000008a200000| Untracked 
|   1|0x000000008a300000, 0x000000008a300000, 0x000000008a400000|  0%| F|  |TAMS 0x000000008a300000, 0x000000008a300000| Untracked 
|   2|0x000000008a400000, 0x000000008a400000, 0x000000008a500000|  0%| F|  |TAMS 0x000000008a400000, 0x000000008a400000| Untracked 
|   3|0x000000008a500000, 0x000000008a500000, 0x000000008a600000|  0%| F|  |TAMS 0x000000008a500000, 0x000000008a500000| Untracked 
|   4|0x000000008a600000, 0x000000008a600000, 0x000000008a700000|  0%| F|  |TAMS 0x000000008a600000, 0x000000008a600000| Untracked 
|   5|0x000000008a700000, 0x000000008a700000, 0x000000008a800000|  0%| F|  |TAMS 0x000000008a700000, 0x000000008a700000| Untracked 
|   6|0x000000008a800000, 0x000000008a800000, 0x000000008a900000|  0%| F|  |TAMS 0x000000008a800000, 0x000000008a800000| Untracked 
|   7|0x000000008a900000, 0x000000008a900000, 0x000000008aa00000|  0%| F|  |TAMS 0x000000008a900000, 0x000000008a900000| Untracked 
|   8|0x000000008aa00000, 0x000000008aa00000, 0x000000008ab00000|  0%| F|  |TAMS 0x000000008aa00000, 0x000000008aa00000| Untracked 
|   9|0x000000008ab00000, 0x000000008ab00000, 0x000000008ac00000|  0%| F|  |TAMS 0x000000008ab00000, 0x000000008ab00000| Untracked 
|  10|0x000000008ac00000, 0x000000008ac00000, 0x000000008ad00000|  0%| F|  |TAMS 0x000000008ac00000, 0x000000008ac00000| Untracked 
|  11|0x000000008ad00000, 0x000000008ad00000, 0x000000008ae00000|  0%| F|  |TAMS 0x000000008ad00000, 0x000000008ad00000| Untracked 
|  12|0x000000008ae00000, 0x000000008ae00000, 0x000000008af00000|  0%| F|  |TAMS 0x000000008ae00000, 0x000000008ae00000| Untracked 
|  13|0x000000008af00000, 0x000000008af00000, 0x000000008b000000|  0%| F|  |TAMS 0x000000008af00000, 0x000000008af00000| Untracked 
|  14|0x000000008b000000, 0x000000008b000000, 0x000000008b100000|  0%| F|  |TAMS 0x000000008b000000, 0x000000008b000000| Untracked 
|  15|0x000000008b100000, 0x000000008b100000, 0x000000008b200000|  0%| F|  |TAMS 0x000000008b100000, 0x000000008b100000| Untracked 
|  16|0x000000008b200000, 0x000000008b200000, 0x000000008b300000|  0%| F|  |TAMS 0x000000008b200000, 0x000000008b200000| Untracked 
|  17|0x000000008b300000, 0x000000008b300000, 0x000000008b400000|  0%| F|  |TAMS 0x000000008b300000, 0x000000008b300000| Untracked 
|  18|0x000000008b400000, 0x000000008b400000, 0x000000008b500000|  0%| F|  |TAMS 0x000000008b400000, 0x000000008b400000| Untracked 
|  19|0x000000008b500000, 0x000000008b500000, 0x000000008b600000|  0%| F|  |TAMS 0x000000008b500000, 0x000000008b500000| Untracked 
|  20|0x000000008b600000, 0x000000008b600000, 0x000000008b700000|  0%| F|  |TAMS 0x000000008b600000, 0x000000008b600000| Untracked 
|  21|0x000000008b700000, 0x000000008b700000, 0x000000008b800000|  0%| F|  |TAMS 0x000000008b700000, 0x000000008b700000| Untracked 
|  22|0x000000008b800000, 0x000000008b800000, 0x000000008b900000|  0%| F|  |TAMS 0x000000008b800000, 0x000000008b800000| Untracked 
|  23|0x000000008b900000, 0x000000008b900000, 0x000000008ba00000|  0%| F|  |TAMS 0x000000008b900000, 0x000000008b900000| Untracked 
|  24|0x000000008ba00000, 0x000000008ba00000, 0x000000008bb00000|  0%| F|  |TAMS 0x000000008ba00000, 0x000000008ba00000| Untracked 
|  25|0x000000008bb00000, 0x000000008bb00000, 0x000000008bc00000|  0%| F|  |TAMS 0x000000008bb00000, 0x000000008bb00000| Untracked 
|  26|0x000000008bc00000, 0x000000008bc00000, 0x000000008bd00000|  0%| F|  |TAMS 0x000000008bc00000, 0x000000008bc00000| Untracked 
|  27|0x000000008bd00000, 0x000000008bd00000, 0x000000008be00000|  0%| F|  |TAMS 0x000000008bd00000, 0x000000008bd00000| Untracked 
|  28|0x000000008be00000, 0x000000008be00000, 0x000000008bf00000|  0%| F|  |TAMS 0x000000008be00000, 0x000000008be00000| Untracked 
|  29|0x000000008bf00000, 0x000000008bf00000, 0x000000008c000000|  0%| F|  |TAMS 0x000000008bf00000, 0x000000008bf00000| Untracked 
|  30|0x000000008c000000, 0x000000008c000000, 0x000000008c100000|  0%| F|  |TAMS 0x000000008c000000, 0x000000008c000000| Untracked 
|  31|0x000000008c100000, 0x000000008c100000, 0x000000008c200000|  0%| F|  |TAMS 0x000000008c100000, 0x000000008c100000| Untracked 
|  32|0x000000008c200000, 0x000000008c200000, 0x000000008c300000|  0%| F|  |TAMS 0x000000008c200000, 0x000000008c200000| Untracked 
|  33|0x000000008c300000, 0x000000008c300000, 0x000000008c400000|  0%| F|  |TAMS 0x000000008c300000, 0x000000008c300000| Untracked 
|  34|0x000000008c400000, 0x000000008c400000, 0x000000008c500000|  0%| F|  |TAMS 0x000000008c400000, 0x000000008c400000| Untracked 
|  35|0x000000008c500000, 0x000000008c500000, 0x000000008c600000|  0%| F|  |TAMS 0x000000008c500000, 0x000000008c500000| Untracked 
|  36|0x000000008c600000, 0x000000008c600000, 0x000000008c700000|  0%| F|  |TAMS 0x000000008c600000, 0x000000008c600000| Untracked 
|  37|0x000000008c700000, 0x000000008c700000, 0x000000008c800000|  0%| F|  |TAMS 0x000000008c700000, 0x000000008c700000| Untracked 
|  38|0x000000008c800000, 0x000000008c800000, 0x000000008c900000|  0%| F|  |TAMS 0x000000008c800000, 0x000000008c800000| Untracked 
|  39|0x000000008c900000, 0x000000008c900000, 0x000000008ca00000|  0%| F|  |TAMS 0x000000008c900000, 0x000000008c900000| Untracked 
|  40|0x000000008ca00000, 0x000000008ca00000, 0x000000008cb00000|  0%| F|  |TAMS 0x000000008ca00000, 0x000000008ca00000| Untracked 
|  41|0x000000008cb00000, 0x000000008cb00000, 0x000000008cc00000|  0%| F|  |TAMS 0x000000008cb00000, 0x000000008cb00000| Untracked 
|  42|0x000000008cc00000, 0x000000008cc00000, 0x000000008cd00000|  0%| F|  |TAMS 0x000000008cc00000, 0x000000008cc00000| Untracked 
|  43|0x000000008cd00000, 0x000000008cd00000, 0x000000008ce00000|  0%| F|  |TAMS 0x000000008cd00000, 0x000000008cd00000| Untracked 
|  44|0x000000008ce00000, 0x000000008ce00000, 0x000000008cf00000|  0%| F|  |TAMS 0x000000008ce00000, 0x000000008ce00000| Untracked 
|  45|0x000000008cf00000, 0x000000008cf00000, 0x000000008d000000|  0%| F|  |TAMS 0x000000008cf00000, 0x000000008cf00000| Untracked 
|  46|0x000000008d000000, 0x000000008d000000, 0x000000008d100000|  0%| F|  |TAMS 0x000000008d000000, 0x000000008d000000| Untracked 
|  47|0x000000008d100000, 0x000000008d100000, 0x000000008d200000|  0%| F|  |TAMS 0x000000008d100000, 0x000000008d100000| Untracked 
|  48|0x000000008d200000, 0x000000008d200000, 0x000000008d300000|  0%| F|  |TAMS 0x000000008d200000, 0x000000008d200000| Untracked 
|  49|0x000000008d300000, 0x000000008d300000, 0x000000008d400000|  0%| F|  |TAMS 0x000000008d300000, 0x000000008d300000| Untracked 
|  50|0x000000008d400000, 0x000000008d400000, 0x000000008d500000|  0%| F|  |TAMS 0x000000008d400000, 0x000000008d400000| Untracked 
|  51|0x000000008d500000, 0x000000008d500000, 0x000000008d600000|  0%| F|  |TAMS 0x000000008d500000, 0x000000008d500000| Untracked 
|  52|0x000000008d600000, 0x000000008d600000, 0x000000008d700000|  0%| F|  |TAMS 0x000000008d600000, 0x000000008d600000| Untracked 
|  53|0x000000008d700000, 0x000000008d700000, 0x000000008d800000|  0%| F|  |TAMS 0x000000008d700000, 0x000000008d700000| Untracked 
|  54|0x000000008d800000, 0x000000008d800000, 0x000000008d900000|  0%| F|  |TAMS 0x000000008d800000, 0x000000008d800000| Untracked 
|  55|0x000000008d900000, 0x000000008d900000, 0x000000008da00000|  0%| F|  |TAMS 0x000000008d900000, 0x000000008d900000| Untracked 
|  56|0x000000008da00000, 0x000000008da00000, 0x000000008db00000|  0%| F|  |TAMS 0x000000008da00000, 0x000000008da00000| Untracked 
|  57|0x000000008db00000, 0x000000008db00000, 0x000000008dc00000|  0%| F|  |TAMS 0x000000008db00000, 0x000000008db00000| Untracked 
|  58|0x000000008dc00000, 0x000000008dc00000, 0x000000008dd00000|  0%| F|  |TAMS 0x000000008dc00000, 0x000000008dc00000| Untracked 
|  59|0x000000008dd00000, 0x000000008dd00000, 0x000000008de00000|  0%| F|  |TAMS 0x000000008dd00000, 0x000000008dd00000| Untracked 
|  60|0x000000008de00000, 0x000000008de00000, 0x000000008df00000|  0%| F|  |TAMS 0x000000008de00000, 0x000000008de00000| Untracked 
|  61|0x000000008df00000, 0x000000008df00000, 0x000000008e000000|  0%| F|  |TAMS 0x000000008df00000, 0x000000008df00000| Untracked 
|  62|0x000000008e000000, 0x000000008e000000, 0x000000008e100000|  0%| F|  |TAMS 0x000000008e000000, 0x000000008e000000| Untracked 
|  63|0x000000008e100000, 0x000000008e100000, 0x000000008e200000|  0%| F|  |TAMS 0x000000008e100000, 0x000000008e100000| Untracked 
|  64|0x000000008e200000, 0x000000008e200000, 0x000000008e300000|  0%| F|  |TAMS 0x000000008e200000, 0x000000008e200000| Untracked 
|  65|0x000000008e300000, 0x000000008e300000, 0x000000008e400000|  0%| F|  |TAMS 0x000000008e300000, 0x000000008e300000| Untracked 
|  66|0x000000008e400000, 0x000000008e400000, 0x000000008e500000|  0%| F|  |TAMS 0x000000008e400000, 0x000000008e400000| Untracked 
|  67|0x000000008e500000, 0x000000008e500000, 0x000000008e600000|  0%| F|  |TAMS 0x000000008e500000, 0x000000008e500000| Untracked 
|  68|0x000000008e600000, 0x000000008e600000, 0x000000008e700000|  0%| F|  |TAMS 0x000000008e600000, 0x000000008e600000| Untracked 
|  69|0x000000008e700000, 0x000000008e700000, 0x000000008e800000|  0%| F|  |TAMS 0x000000008e700000, 0x000000008e700000| Untracked 
|  70|0x000000008e800000, 0x000000008e800000, 0x000000008e900000|  0%| F|  |TAMS 0x000000008e800000, 0x000000008e800000| Untracked 
|  71|0x000000008e900000, 0x000000008e900000, 0x000000008ea00000|  0%| F|  |TAMS 0x000000008e900000, 0x000000008e900000| Untracked 
|  72|0x000000008ea00000, 0x000000008ea00000, 0x000000008eb00000|  0%| F|  |TAMS 0x000000008ea00000, 0x000000008ea00000| Untracked 
|  73|0x000000008eb00000, 0x000000008eb00000, 0x000000008ec00000|  0%| F|  |TAMS 0x000000008eb00000, 0x000000008eb00000| Untracked 
|  74|0x000000008ec00000, 0x000000008ec00000, 0x000000008ed00000|  0%| F|  |TAMS 0x000000008ec00000, 0x000000008ec00000| Untracked 
|  75|0x000000008ed00000, 0x000000008ed00000, 0x000000008ee00000|  0%| F|  |TAMS 0x000000008ed00000, 0x000000008ed00000| Untracked 
|  76|0x000000008ee00000, 0x000000008ee00000, 0x000000008ef00000|  0%| F|  |TAMS 0x000000008ee00000, 0x000000008ee00000| Untracked 
|  77|0x000000008ef00000, 0x000000008ef00000, 0x000000008f000000|  0%| F|  |TAMS 0x000000008ef00000, 0x000000008ef00000| Untracked 
|  78|0x000000008f000000, 0x000000008f000000, 0x000000008f100000|  0%| F|  |TAMS 0x000000008f000000, 0x000000008f000000| Untracked 
|  79|0x000000008f100000, 0x000000008f100000, 0x000000008f200000|  0%| F|  |TAMS 0x000000008f100000, 0x000000008f100000| Untracked 
|  80|0x000000008f200000, 0x000000008f200000, 0x000000008f300000|  0%| F|  |TAMS 0x000000008f200000, 0x000000008f200000| Untracked 
|  81|0x000000008f300000, 0x000000008f300000, 0x000000008f400000|  0%| F|  |TAMS 0x000000008f300000, 0x000000008f300000| Untracked 
|  82|0x000000008f400000, 0x000000008f400000, 0x000000008f500000|  0%| F|  |TAMS 0x000000008f400000, 0x000000008f400000| Untracked 
|  83|0x000000008f500000, 0x000000008f500000, 0x000000008f600000|  0%| F|  |TAMS 0x000000008f500000, 0x000000008f500000| Untracked 
|  84|0x000000008f600000, 0x000000008f600000, 0x000000008f700000|  0%| F|  |TAMS 0x000000008f600000, 0x000000008f600000| Untracked 
|  85|0x000000008f700000, 0x000000008f700000, 0x000000008f800000|  0%| F|  |TAMS 0x000000008f700000, 0x000000008f700000| Untracked 
|  86|0x000000008f800000, 0x000000008f800000, 0x000000008f900000|  0%| F|  |TAMS 0x000000008f800000, 0x000000008f800000| Untracked 
|  87|0x000000008f900000, 0x000000008f900000, 0x000000008fa00000|  0%| F|  |TAMS 0x000000008f900000, 0x000000008f900000| Untracked 
|  88|0x000000008fa00000, 0x000000008fa00000, 0x000000008fb00000|  0%| F|  |TAMS 0x000000008fa00000, 0x000000008fa00000| Untracked 
|  89|0x000000008fb00000, 0x000000008fb00000, 0x000000008fc00000|  0%| F|  |TAMS 0x000000008fb00000, 0x000000008fb00000| Untracked 
|  90|0x000000008fc00000, 0x000000008fc00000, 0x000000008fd00000|  0%| F|  |TAMS 0x000000008fc00000, 0x000000008fc00000| Untracked 
|  91|0x000000008fd00000, 0x000000008fd00000, 0x000000008fe00000|  0%| F|  |TAMS 0x000000008fd00000, 0x000000008fd00000| Untracked 
|  92|0x000000008fe00000, 0x000000008fe00000, 0x000000008ff00000|  0%| F|  |TAMS 0x000000008fe00000, 0x000000008fe00000| Untracked 
|  93|0x000000008ff00000, 0x000000008ff00000, 0x0000000090000000|  0%| F|  |TAMS 0x000000008ff00000, 0x000000008ff00000| Untracked 
|  94|0x0000000090000000, 0x0000000090000000, 0x0000000090100000|  0%| F|  |TAMS 0x0000000090000000, 0x0000000090000000| Untracked 
|  95|0x0000000090100000, 0x0000000090100000, 0x0000000090200000|  0%| F|  |TAMS 0x0000000090100000, 0x0000000090100000| Untracked 
|  96|0x0000000090200000, 0x0000000090200000, 0x0000000090300000|  0%| F|  |TAMS 0x0000000090200000, 0x0000000090200000| Untracked 
|  97|0x0000000090300000, 0x0000000090300000, 0x0000000090400000|  0%| F|  |TAMS 0x0000000090300000, 0x0000000090300000| Untracked 
|  98|0x0000000090400000, 0x0000000090400000, 0x0000000090500000|  0%| F|  |TAMS 0x0000000090400000, 0x0000000090400000| Untracked 
|  99|0x0000000090500000, 0x0000000090500000, 0x0000000090600000|  0%| F|  |TAMS 0x0000000090500000, 0x0000000090500000| Untracked 
| 100|0x0000000090600000, 0x0000000090600000, 0x0000000090700000|  0%| F|  |TAMS 0x0000000090600000, 0x0000000090600000| Untracked 
| 101|0x0000000090700000, 0x0000000090700000, 0x0000000090800000|  0%| F|  |TAMS 0x0000000090700000, 0x0000000090700000| Untracked 
| 102|0x0000000090800000, 0x0000000090800000, 0x0000000090900000|  0%| F|  |TAMS 0x0000000090800000, 0x0000000090800000| Untracked 
| 103|0x0000000090900000, 0x0000000090900000, 0x0000000090a00000|  0%| F|  |TAMS 0x0000000090900000, 0x0000000090900000| Untracked 
| 104|0x0000000090a00000, 0x0000000090a00000, 0x0000000090b00000|  0%| F|  |TAMS 0x0000000090a00000, 0x0000000090a00000| Untracked 
| 105|0x0000000090b00000, 0x0000000090b00000, 0x0000000090c00000|  0%| F|  |TAMS 0x0000000090b00000, 0x0000000090b00000| Untracked 
| 106|0x0000000090c00000, 0x0000000090c00000, 0x0000000090d00000|  0%| F|  |TAMS 0x0000000090c00000, 0x0000000090c00000| Untracked 
| 107|0x0000000090d00000, 0x0000000090d00000, 0x0000000090e00000|  0%| F|  |TAMS 0x0000000090d00000, 0x0000000090d00000| Untracked 
| 108|0x0000000090e00000, 0x0000000090e00000, 0x0000000090f00000|  0%| F|  |TAMS 0x0000000090e00000, 0x0000000090e00000| Untracked 
| 109|0x0000000090f00000, 0x0000000090f00000, 0x0000000091000000|  0%| F|  |TAMS 0x0000000090f00000, 0x0000000090f00000| Untracked 
| 110|0x0000000091000000, 0x0000000091000000, 0x0000000091100000|  0%| F|  |TAMS 0x0000000091000000, 0x0000000091000000| Untracked 
| 111|0x0000000091100000, 0x0000000091100000, 0x0000000091200000|  0%| F|  |TAMS 0x0000000091100000, 0x0000000091100000| Untracked 
| 112|0x0000000091200000, 0x0000000091200000, 0x0000000091300000|  0%| F|  |TAMS 0x0000000091200000, 0x0000000091200000| Untracked 
| 113|0x0000000091300000, 0x00000000913ec168, 0x0000000091400000| 92%| E|  |TAMS 0x0000000091300000, 0x0000000091300000| Complete 
| 114|0x0000000091400000, 0x0000000091500000, 0x0000000091500000|100%| E|CS|TAMS 0x0000000091400000, 0x0000000091400000| Complete 
| 115|0x0000000091500000, 0x0000000091600000, 0x0000000091600000|100%| E|CS|TAMS 0x0000000091500000, 0x0000000091500000| Complete 
| 116|0x0000000091600000, 0x0000000091700000, 0x0000000091700000|100%| E|CS|TAMS 0x0000000091600000, 0x0000000091600000| Complete 
| 117|0x0000000091700000, 0x0000000091800000, 0x0000000091800000|100%| E|CS|TAMS 0x0000000091700000, 0x0000000091700000| Complete 

Card table byte_map: [0x00000264aa030000,0x00000264aa3e0000] _byte_map_base: 0x00000264a9bdf000

Marking Bits (Prev, Next): (CMBitMap*) 0x00000264951a3540, (CMBitMap*) 0x00000264951a3580
 Prev Bits: [0x00000264aa790000, 0x00000264ac508000)
 Next Bits: [0x00000264ac510000, 0x00000264ae288000)

Polling page: 0x0000026495230000

Metaspace:

Usage:
  Non-class:     10.21 MB used.
      Class:      1.17 MB used.
       Both:     11.38 MB used.

Virtual space:
  Non-class space:       16.00 MB reserved,      10.25 MB ( 64%) committed,  2 nodes.
      Class space:        1.00 GB reserved,       1.25 MB ( <1%) committed,  1 nodes.
             Both:        1.02 GB reserved,      11.50 MB (  1%) committed. 

Chunk freelists:
   Non-Class:  1.01 MB
       Class:  2.75 MB
        Both:  3.76 MB

MaxMetaspaceSize: unlimited
CompressedClassSpaceSize: 1.00 GB
Initial GC threshold: 21.00 MB
Current GC threshold: 21.00 MB
CDS: off
MetaspaceReclaimPolicy: balanced
 - commit_granule_bytes: 65536.
 - commit_granule_words: 8192.
 - virtual_space_node_default_size: 1048576.
 - enlarge_chunks_in_place: 1.
 - new_chunks_are_fully_committed: 0.
 - uncommit_free_chunks: 1.
 - use_allocation_guard: 0.
 - handle_deallocations: 1.


Internal statistics:

num_allocs_failed_limit: 0.
num_arena_births: 88.
num_arena_deaths: 0.
num_vsnodes_births: 3.
num_vsnodes_deaths: 0.
num_space_committed: 184.
num_space_uncommitted: 0.
num_chunks_returned_to_freelist: 0.
num_chunks_taken_from_freelist: 147.
num_chunk_merges: 0.
num_chunk_splits: 71.
num_chunks_enlarged: 20.
num_purges: 0.
num_inconsistent_stats: 0.

CodeHeap 'non-profiled nmethods': size=120000Kb used=127Kb max_used=127Kb free=119872Kb
 bounds [0x00000264a1ad0000, 0x00000264a1d40000, 0x00000264a9000000]
CodeHeap 'profiled nmethods': size=120000Kb used=678Kb max_used=678Kb free=119321Kb
 bounds [0x000002649a5a0000, 0x000002649a810000, 0x00000264a1ad0000]
CodeHeap 'non-nmethods': size=5760Kb used=1175Kb max_used=1185Kb free=4584Kb
 bounds [0x000002649a000000, 0x000002649a270000, 0x000002649a5a0000]
 total_blobs=936 nmethods=462 adapters=387
 compilation: enabled
              stopped_count=0, restarted_count=0
 full_count=0

Compilation events (20 events):
Event: 0.372 Thread 0x00000264b1834830  452       3       java.lang.ref.SoftReference::<init> (13 bytes)
Event: 0.372 Thread 0x00000264b1834830 nmethod 452 0x000002649a644990 code [0x000002649a644b40, 0x000002649a644e58]
Event: 0.373 Thread 0x00000264b1834830  453   !   3       javax.swing.UIManager::getLAFState (61 bytes)
Event: 0.373 Thread 0x00000264b1834830 nmethod 453 0x000002649a644f90 code [0x000002649a6451e0, 0x000002649a645908]
Event: 0.375 Thread 0x00000264b1834830  454       1       java.awt.Component::getObjectLock (5 bytes)
Event: 0.375 Thread 0x00000264b1834830 nmethod 454 0x00000264a1aef410 code [0x00000264a1aef5a0, 0x00000264a1aef678]
Event: 0.376 Thread 0x00000264b1834830  455   !   3       javax.swing.UIDefaults::getFromHashtable (239 bytes)
Event: 0.377 Thread 0x00000264b1834830 nmethod 455 0x000002649a645c90 code [0x000002649a645fa0, 0x000002649a647408]
Event: 0.377 Thread 0x00000264b1834830  456       3       javax.swing.UIDefaults::get (21 bytes)
Event: 0.377 Thread 0x00000264b1834830 nmethod 456 0x000002649a647990 code [0x000002649a647b40, 0x000002649a647d38]
Event: 0.377 Thread 0x00000264b1834830  457       3       java.lang.Class::reflectionData (43 bytes)
Event: 0.377 Thread 0x00000264b1834830 nmethod 457 0x000002649a647e10 code [0x000002649a647fe0, 0x000002649a6483d8]
Event: 0.377 Thread 0x00000264b1833b20  459       4       java.util.concurrent.ConcurrentHashMap::tabAt (22 bytes)
Event: 0.378 Thread 0x00000264b1834830  460       3       java.lang.invoke.MemberName$Factory::resolveOrFail (79 bytes)
Event: 0.378 Thread 0x00000264b1833b20 nmethod 459 0x00000264a1aefa10 code [0x00000264a1aefb80, 0x00000264a1aefbd8]
Event: 0.378 Thread 0x00000264b1834830 nmethod 460 0x000002649a648510 code [0x000002649a648720, 0x000002649a648e78]
Event: 0.379 Thread 0x00000264b1834830  461       3       java.lang.Enum::<init> (15 bytes)
Event: 0.379 Thread 0x00000264b1834830 nmethod 461 0x000002649a649110 code [0x000002649a6492a0, 0x000002649a649458]
Event: 0.379 Thread 0x00000264b1834830  462   !   3       javax.swing.UIManager::maybeInitialize (36 bytes)
Event: 0.380 Thread 0x00000264b1834830 nmethod 462 0x000002649a649510 code [0x000002649a6496e0, 0x000002649a6499a8]

GC Heap History (0 events):
No events

Deoptimization events (0 events):
No events

Classes unloaded (0 events):
No events

Classes redefined (0 events):
No events

Internal exceptions (10 events):
Event: 0.128 Thread 0x000002649514cc00 Exception <a 'java/lang/ClassNotFoundException'{0x0000000091645c90}: sun/awt/resources/spi/awtProvider> (0x0000000091645c90) 
thrown [s\src\hotspot\share\classfile\systemDictionary.cpp, line 256]
Event: 0.165 Thread 0x000002649514cc00 Exception <a 'java/io/FileNotFoundException'{0x00000000916a0610}> (0x00000000916a0610) 
thrown [s\src\hotspot\share\prims\jni.cpp, line 516]
Event: 0.172 Thread 0x000002649514cc00 Exception <a 'java/io/FileNotFoundException'{0x00000000916cd588}> (0x00000000916cd588) 
thrown [s\src\hotspot\share\prims\jni.cpp, line 516]
Event: 0.218 Thread 0x000002649514cc00 Exception <a 'java/lang/NoSuchMethodError'{0x000000009151ed18}: 'java.lang.Object java.lang.invoke.DirectMethodHandle$Holder.invokeStaticInit(java.lang.Object)'> (0x000000009151ed18) 
thrown [s\src\hotspot\share\interpreter\linkResolver.cpp, line 759]
Event: 0.319 Thread 0x000002649514cc00 Exception <a 'java/lang/NoSuchMethodError'{0x0000000091568cc0}: 'void java.lang.invoke.DirectMethodHandle$Holder.invokeSpecial(java.lang.Object, java.lang.Object, java.lang.Object)'> (0x0000000091568cc0) 
thrown [s\src\hotspot\share\interpreter\linkResolver.cpp, line 759]
Event: 0.325 Thread 0x000002649514cc00 Exception <a 'java/lang/NoSuchMethodError'{0x0000000091409550}: 'java.lang.Object java.lang.invoke.DirectMethodHandle$Holder.newInvokeSpecial(java.lang.Object, java.lang.Object, java.lang.Object, java.lang.Object, java.lang.Object)'> (0x0000000091409550) 
thrown [s\src\hotspot\share\interpreter\linkResolver.cpp, line 759]
Event: 0.327 Thread 0x000002649514cc00 Exception <a 'java/lang/NoSuchMethodError'{0x0000000091414f18}: 'java.lang.Object java.lang.invoke.DirectMethodHandle$Holder.invokeStatic(java.lang.Object, int, java.lang.Object, java.lang.Object, java.lang.Object, java.lang.Object)'> (0x0000000091414f18) 
thrown [s\src\hotspot\share\interpreter\linkResolver.cpp, line 759]
Event: 0.330 Thread 0x000002649514cc00 Exception <a 'java/lang/NoSuchMethodError'{0x000000009143a6d8}: 'java.lang.Object java.lang.invoke.DirectMethodHandle$Holder.invokeStatic(java.lang.Object, int, java.lang.Object)'> (0x000000009143a6d8) 
thrown [s\src\hotspot\share\interpreter\linkResolver.cpp, line 759]
Event: 0.348 Thread 0x000002649514cc00 Exception <a 'java/lang/ClassNotFoundException'{0x00000000914f2830}: com/sun/swing/internal/plaf/metal/resources/spi/metalProvider> (0x00000000914f2830) 
thrown [s\src\hotspot\share\classfile\systemDictionary.cpp, line 256]
Event: 0.349 Thread 0x000002649514cc00 Exception <a 'java/lang/ClassNotFoundException'{0x00000000914f66b8}: com/sun/swing/internal/plaf/basic/resources/spi/basicProvider> (0x00000000914f66b8) 
thrown [s\src\hotspot\share\classfile\systemDictionary.cpp, line 256]

VM Operations (4 events):
Event: 0.348 Executing VM operation: HandshakeAllThreads
Event: 0.348 Executing VM operation: HandshakeAllThreads done
Event: 0.359 Executing VM operation: HandshakeAllThreads
Event: 0.359 Executing VM operation: HandshakeAllThreads done

Events (20 events):
Event: 0.385 loading class javax/swing/text/DefaultEditorKit$PreviousWordAction done
Event: 0.385 loading class javax/swing/text/DefaultEditorKit$NextWordAction
Event: 0.385 loading class javax/swing/text/DefaultEditorKit$NextWordAction done
Event: 0.385 loading class javax/swing/text/DefaultEditorKit$BeginLineAction
Event: 0.385 loading class javax/swing/text/DefaultEditorKit$BeginLineAction done
Event: 0.385 loading class javax/swing/text/DefaultEditorKit$EndLineAction
Event: 0.385 loading class javax/swing/text/DefaultEditorKit$EndLineAction done
Event: 0.385 loading class javax/swing/text/DefaultEditorKit$BeginParagraphAction
Event: 0.385 loading class javax/swing/text/DefaultEditorKit$BeginParagraphAction done
Event: 0.385 loading class javax/swing/text/DefaultEditorKit$EndParagraphAction
Event: 0.385 loading class javax/swing/text/DefaultEditorKit$EndParagraphAction done
Event: 0.385 loading class javax/swing/text/DefaultEditorKit$BeginAction
Event: 0.385 loading class javax/swing/text/DefaultEditorKit$BeginAction done
Event: 0.385 loading class javax/swing/text/DefaultEditorKit$EndAction
Event: 0.385 loading class javax/swing/text/DefaultEditorKit$EndAction done
Event: 0.385 loading class javax/swing/text/DefaultEditorKit$DefaultKeyTypedAction
Event: 0.385 loading class javax/swing/text/DefaultEditorKit$DefaultKeyTypedAction done
Event: 0.385 loading class javax/swing/text/DefaultEditorKit$InsertTabAction
Event: 0.385 loading class javax/swing/text/DefaultEditorKit$InsertTabAction done
Event: 0.385 loading class javax/swing/text/DefaultEditorKit$SelectWordAction


Dynamic libraries:
0x00007ff6f1190000 - 0x00007ff6f119e000 	C:\Users\Admin\.p2\pool\plugins\org.eclipse.justj.openjdk.hotspot.jre.full.win32.x86_64_17.0.4.v20220805-1047\jre\bin\javaw.exe
0x00007ffc72ef0000 - 0x00007ffc730e8000 	C:\Windows\SYSTEM32\ntdll.dll
0x00007ffc72000000 - 0x00007ffc720bf000 	C:\Windows\System32\KERNEL32.DLL
0x00007ffc70860000 - 0x00007ffc70b3a000 	C:\Windows\System32\KERNELBASE.dll
0x00007ffc70760000 - 0x00007ffc70860000 	C:\Windows\System32\ucrtbase.dll
0x00007ffc57c70000 - 0x00007ffc57c89000 	C:\Users\Admin\.p2\pool\plugins\org.eclipse.justj.openjdk.hotspot.jre.full.win32.x86_64_17.0.4.v20220805-1047\jre\bin\VCRUNTIME140.dll
0x00007ffc58e20000 - 0x00007ffc58e38000 	C:\Users\Admin\.p2\pool\plugins\org.eclipse.justj.openjdk.hotspot.jre.full.win32.x86_64_17.0.4.v20220805-1047\jre\bin\jli.dll
0x00007ffc715e0000 - 0x00007ffc7177d000 	C:\Windows\System32\USER32.dll
0x00007ffc69790000 - 0x00007ffc69a2a000 	C:\Windows\WinSxS\amd64_microsoft.windows.common-controls_6595b64144ccf1df_6.0.19041.1110_none_60b5254171f9507e\COMCTL32.dll
0x00007ffc70f20000 - 0x00007ffc70f42000 	C:\Windows\System32\win32u.dll
0x00007ffc71540000 - 0x00007ffc715de000 	C:\Windows\System32\msvcrt.dll
0x00007ffc70f50000 - 0x00007ffc70f7b000 	C:\Windows\System32\GDI32.dll
0x00007ffc70d60000 - 0x00007ffc70e70000 	C:\Windows\System32\gdi32full.dll
0x00007ffc70c00000 - 0x00007ffc70c9d000 	C:\Windows\System32\msvcp_win.dll
0x00007ffc72e20000 - 0x00007ffc72e50000 	C:\Windows\System32\IMM32.DLL
0x00007ffc66810000 - 0x00007ffc6681c000 	C:\Users\Admin\.p2\pool\plugins\org.eclipse.justj.openjdk.hotspot.jre.full.win32.x86_64_17.0.4.v20220805-1047\jre\bin\vcruntime140_1.dll
0x00007ffc51470000 - 0x00007ffc51501000 	C:\Users\Admin\.p2\pool\plugins\org.eclipse.justj.openjdk.hotspot.jre.full.win32.x86_64_17.0.4.v20220805-1047\jre\bin\msvcp140.dll
0x00007ffc36e30000 - 0x00007ffc37a76000 	C:\Users\Admin\.p2\pool\plugins\org.eclipse.justj.openjdk.hotspot.jre.full.win32.x86_64_17.0.4.v20220805-1047\jre\bin\server\jvm.dll
0x00007ffc71020000 - 0x00007ffc710ce000 	C:\Windows\System32\ADVAPI32.dll
0x00007ffc70f80000 - 0x00007ffc7101c000 	C:\Windows\System32\sechost.dll
0x00007ffc71410000 - 0x00007ffc71536000 	C:\Windows\System32\RPCRT4.dll
0x00007ffc72950000 - 0x00007ffc72958000 	C:\Windows\System32\PSAPI.DLL
0x00007ffc62d10000 - 0x00007ffc62d37000 	C:\Windows\SYSTEM32\WINMM.dll
0x00007ffc62d00000 - 0x00007ffc62d0a000 	C:\Windows\SYSTEM32\VERSION.dll
0x00007ffc6af20000 - 0x00007ffc6af29000 	C:\Windows\SYSTEM32\WSOCK32.dll
0x00007ffc72b40000 - 0x00007ffc72bab000 	C:\Windows\System32\WS2_32.dll
0x00007ffc6e4a0000 - 0x00007ffc6e4b2000 	C:\Windows\SYSTEM32\kernel.appcore.dll
0x00007ffc6af40000 - 0x00007ffc6af4a000 	C:\Users\Admin\.p2\pool\plugins\org.eclipse.justj.openjdk.hotspot.jre.full.win32.x86_64_17.0.4.v20220805-1047\jre\bin\jimage.dll
0x00007ffc67430000 - 0x00007ffc67614000 	C:\Windows\SYSTEM32\DBGHELP.DLL
0x00007ffc66b50000 - 0x00007ffc66b84000 	C:\Windows\SYSTEM32\dbgcore.DLL
0x00007ffc70b70000 - 0x00007ffc70bf2000 	C:\Windows\System32\bcryptPrimitives.dll
0x00007ffc5ac70000 - 0x00007ffc5ac95000 	C:\Users\Admin\.p2\pool\plugins\org.eclipse.justj.openjdk.hotspot.jre.full.win32.x86_64_17.0.4.v20220805-1047\jre\bin\java.dll
0x00007ffc696d0000 - 0x00007ffc696e8000 	C:\Users\Admin\.p2\pool\plugins\org.eclipse.justj.openjdk.hotspot.jre.full.win32.x86_64_17.0.4.v20220805-1047\jre\bin\zip.dll
0x00007ffc720c0000 - 0x00007ffc72804000 	C:\Windows\System32\SHELL32.dll
0x00007ffc6e6c0000 - 0x00007ffc6ee53000 	C:\Windows\SYSTEM32\windows.storage.dll
0x00007ffc71ca0000 - 0x00007ffc71ff4000 	C:\Windows\System32\combase.dll
0x00007ffc70010000 - 0x00007ffc7003e000 	C:\Windows\SYSTEM32\Wldp.dll
0x00007ffc710d0000 - 0x00007ffc7117d000 	C:\Windows\System32\SHCORE.dll
0x00007ffc72e50000 - 0x00007ffc72ea5000 	C:\Windows\System32\shlwapi.dll
0x00007ffc70540000 - 0x00007ffc7055f000 	C:\Windows\SYSTEM32\profapi.dll
0x00007ffc3e6c0000 - 0x00007ffc3e84e000 	C:\Users\Admin\.p2\pool\plugins\org.eclipse.justj.openjdk.hotspot.jre.full.win32.x86_64_17.0.4.v20220805-1047\jre\bin\awt.dll
0x00007ffc72d40000 - 0x00007ffc72e0d000 	C:\Windows\System32\OLEAUT32.dll
0x00007ffc6df20000 - 0x00007ffc6dfb0000 	C:\Windows\SYSTEM32\apphelp.dll
0x00007ffc6e1b0000 - 0x00007ffc6e1df000 	C:\Windows\system32\DWMAPI.DLL
0x00007ffc6dfd0000 - 0x00007ffc6e06e000 	C:\Windows\system32\uxtheme.dll
0x00007ffc3bbb0000 - 0x00007ffc3bcd5000 	C:\Windows\system32\opengl32.dll
0x00007ffc57170000 - 0x00007ffc5719c000 	C:\Windows\SYSTEM32\GLU32.dll
0x00007ffc729c0000 - 0x00007ffc72ad4000 	C:\Windows\System32\MSCTF.dll
0x00007ffc72810000 - 0x00007ffc7293a000 	C:\Windows\System32\ole32.dll
0x00007ffc41bd0000 - 0x00007ffc41d9d000 	C:\Windows\system32\d3d9.dll
0x00007ffc62d40000 - 0x00007ffc62f1b000 	C:\Windows\System32\DriverStore\FileRepository\u0365903.inf_amd64_b4e8048644ad8575\B364393\aticfx64.dll
0x00007ffc431d0000 - 0x00007ffc43203000 	C:\Windows\System32\DriverStore\FileRepository\u0365903.inf_amd64_b4e8048644ad8575\B364393\atiu9p64.dll
0x00007ffc37f80000 - 0x00007ffc38c8c000 	C:\Windows\System32\DriverStore\FileRepository\u0365903.inf_amd64_b4e8048644ad8575\B364393\atiumd64.dll
0x0000000073730000 - 0x00000000745f0000 	C:\Windows\System32\DriverStore\FileRepository\u0365903.inf_amd64_b4e8048644ad8575\B364393\atiumd6a.dll
0x00007ffc70b40000 - 0x00007ffc70b67000 	C:\Windows\System32\bcrypt.dll
0x00007ffc70040000 - 0x00007ffc7008b000 	C:\Windows\SYSTEM32\POWRPROF.dll
0x00007ffc6fff0000 - 0x00007ffc70002000 	C:\Windows\SYSTEM32\UMPDC.dll
0x00007ffc60c40000 - 0x00007ffc60c6f000 	C:\Windows\SYSTEM32\amdihk64.dll

dbghelp: loaded successfully - version: 4.0.5 - missing functions: none
symbol engine: initialized successfully - sym options: 0x614 - pdb path: .;C:\Users\Admin\.p2\pool\plugins\org.eclipse.justj.openjdk.hotspot.jre.full.win32.x86_64_17.0.4.v20220805-1047\jre\bin;C:\Windows\SYSTEM32;C:\Windows\WinSxS\amd64_microsoft.windows.common-controls_6595b64144ccf1df_6.0.19041.1110_none_60b5254171f9507e;C:\Users\Admin\.p2\pool\plugins\org.eclipse.justj.openjdk.hotspot.jre.full.win32.x86_64_17.0.4.v20220805-1047\jre\bin\server;C:\Windows\System32\DriverStore\FileRepository\u0365903.inf_amd64_b4e8048644ad8575\B364393

VM Arguments:
jvm_args: -Dfile.encoding=UTF-8 -XX:+ShowCodeDetailsInExceptionMessages 
java_command: Main
java_class_path (initial): C:\Users\Admin\Documents\School\2nd Sem\CCS103 - Computer Programming\SchoolWorkspace\Finals - Week 13-14 - Lab Activity\bin
Launcher Type: SUN_STANDARD

[Global flags]
     intx CICompilerCount                          = 4                                         {product} {ergonomic}
     uint ConcGCThreads                            = 3                                         {product} {ergonomic}
     uint G1ConcRefinementThreads                  = 10                                        {product} {ergonomic}
   size_t G1HeapRegionSize                         = 1048576                                   {product} {ergonomic}
    uintx GCDrainStackTargetSize                   = 64                                        {product} {ergonomic}
   size_t InitialHeapSize                          = 123731968                                 {product} {ergonomic}
   size_t MarkStackSize                            = 4194304                                   {product} {ergonomic}
   size_t MaxHeapSize                              = 1977614336                                {product} {ergonomic}
   size_t MaxNewSize                               = 1185939456                                {product} {ergonomic}
   size_t MinHeapDeltaBytes                        = 1048576                                   {product} {ergonomic}
   size_t MinHeapSize                              = 8388608                                   {product} {ergonomic}
    uintx NonNMethodCodeHeapSize                   = 5839372                                {pd product} {ergonomic}
    uintx NonProfiledCodeHeapSize                  = 122909434                              {pd product} {ergonomic}
    uintx ProfiledCodeHeapSize                     = 122909434                              {pd product} {ergonomic}
    uintx ReservedCodeCacheSize                    = 251658240                              {pd product} {ergonomic}
     bool SegmentedCodeCache                       = true                                      {product} {ergonomic}
     bool ShowCodeDetailsInExceptionMessages       = true                                   {manageable} {command line}
   size_t SoftMaxHeapSize                          = 1977614336                             {manageable} {ergonomic}
     bool UseCompressedClassPointers               = true                           {product lp64_product} {ergonomic}
     bool UseCompressedOops                        = true                           {product lp64_product} {ergonomic}
     bool UseG1GC                                  = true                                      {product} {ergonomic}
     bool UseLargePagesIndividualAllocation        = false                                  {pd product} {ergonomic}

Logging:
Log output configuration:
 #0: stdout all=warning uptime,level,tags
 #1: stderr all=off uptime,level,tags

Environment Variables:
JAVA_HOME=C:\Program Files\Java\jdk-18.0.2
PATH=C:/Users/Admin/.p2/pool/plugins/org.eclipse.justj.openjdk.hotspot.jre.full.win32.x86_64_17.0.4.v20220805-1047/jre/bin/server;C:/Users/Admin/.p2/pool/plugins/org.eclipse.justj.openjdk.hotspot.jre.full.win32.x86_64_17.0.4.v20220805-1047/jre/bin;C:\Program Files\Eclipse Adoptium\jdk-17.0.4.101-hotspot\bin;C:\Program Files\Common Files\Oracle\Java\javapath;C:\Windows\system32;C:\Windows;C:\Windows\System32\Wbem;C:\Windows\System32\WindowsPowerShell\v1.0\;C:\Windows\System32\OpenSSH\;C:\Program Files\Git\cmd;C:\Program Files\MongoDB\Server\6.0\bin;C:\Program Files\Java\jdk-18.0.2\bin;C:\Program Files\dotnet\;C:\Users\Admin\AppData\Roaming\nvm;C:\Program Files\nodejs;C:\Program Files\nodejs\;C:\Program Files\MySQL\MySQL Shell 8.0\bin\;C:\Users\Admin\AppData\Local\Programs\Python\Python310\Scripts\;C:\Users\Admin\AppData\Local\Programs\Python\Python310\;C:\Users\Admin\AppData\Local\Microsoft\WindowsApps;C:\Users\Admin\AppData\Local\Programs\Microsoft VS Code\bin;C:\Program Files\heroku\bin;C:\Users\Admin\AppData\Roaming\nvm;C:\Users\Admin\AppData\Roaming\npm;C:\adb;C:\Program Files\MySQL\MySQL Shell 8.0\bin\;C:\Users\Admin\AppData\Local\Programs\Python\Python310\Scripts\;C:\Users\Admin\AppData\Local\Programs\Python\Python310\;C:\Users\Admin\AppData\Local\Microsoft\WindowsApps;C:\Users\Admin\AppData\Local\Programs\Microsoft VS Code\bin;C:\Program Files\heroku\bin;C:\Users\Admin\AppData\Roaming\nvm;C:\Program Files\nodejs;C:\Users\Admin\AppData\Roaming\npm;C:\Windows\System32;
USERNAME=Admin
OS=Windows_NT
PROCESSOR_IDENTIFIER=AMD64 Family 23 Model 104 Stepping 1, AuthenticAMD
TMP=C:\Users\Admin\AppData\Local\Temp
TEMP=C:\Users\Admin\AppData\Local\Temp



---------------  S Y S T E M  ---------------

OS:
 Windows 10 , 64 bit Build 19041 (10.0.19041.2788)
OS uptime: 16 days 22:43 hours

CPU: total 12 (initial active 12) (12 cores per cpu, 2 threads per core) family 23 model 104 stepping 1 microcode 0x0, cx8, cmov, fxsr, ht, mmx, 3dnowpref, sse, sse2, sse3, ssse3, sse4a, sse4.1, sse4.2, popcnt, lzcnt, tsc, tscinvbit, avx, avx2, aes, clmul, bmi1, bmi2, adx, sha, fma, vzeroupper, clflush, clflushopt

Memory: 4k page, system-wide physical 7541M (821M free)
TotalPageFile size 31093M (AvailPageFile size 5M)
current process WorkingSet (physical memory assigned to process): 55M, peak: 55M
current process commit charge ("private bytes"): 218M, peak: 218M

vm_info: OpenJDK 64-Bit Server VM (17.0.4+8) for windows-amd64 JRE (17.0.4+8), built on Jul 19 2022 16:05:16 by "temurin" with MS VC++ 16.7 (VS2019)

END.
